2017-09-22 20:49:49,179 [ModalContext] INFO  o.e.m.c.i.e.AbstractTransferListenerAdapter - Downloading https://repo.maven.apache.org/maven2/org/apache/maven/archetypes/maven-archetype-webapp/1.0/maven-archetype-webapp-1.0.jar
2017-09-22 20:49:49,252 [ModalContext] INFO  o.e.m.c.i.e.AbstractTransferListenerAdapter - Downloaded https://repo.maven.apache.org/maven2/org/apache/maven/archetypes/maven-archetype-webapp/1.0/maven-archetype-webapp-1.0.jar
2017-09-22 20:49:49,273 [ModalContext] INFO  o.e.m.c.i.e.AbstractTransferListenerAdapter - Downloading https://repo.maven.apache.org/maven2/org/apache/maven/archetypes/maven-archetype-webapp/1.0/maven-archetype-webapp-1.0.pom
2017-09-22 20:49:49,291 [ModalContext] INFO  o.e.m.c.i.e.AbstractTransferListenerAdapter - Downloaded https://repo.maven.apache.org/maven2/org/apache/maven/archetypes/maven-archetype-webapp/1.0/maven-archetype-webapp-1.0.pom
2017-09-22 20:50:55,256 [Worker-5] INFO  o.e.m.c.i.p.ProjectConfigurationManager - Collecting project info '/pom.xml' /Users/Prashanth/Documents/spring/workspace/SpringMVCAnnotationShoppingCart/pom.xml
2017-09-22 20:51:04,413 [Worker-5] INFO  o.e.m.c.i.l.LifecycleMappingFactory - Using org.maven.ide.eclipse.wtp.WarLifecycleMapping lifecycle mapping for MavenProject: com.codewithshan:SpringMVCAnnotationShoppingCart:0.0.1-SNAPSHOT @ /Users/Prashanth/Documents/spring/workspace/SpringMVCAnnotationShoppingCart/pom.xml.
2017-09-22 20:51:09,830 [Worker-5] INFO  o.e.m.j.i.AbstractJavaProjectConfigurator - Adding source folder /SpringMVCAnnotationShoppingCart/src/main/java
2017-09-22 20:51:09,831 [Worker-5] INFO  o.e.m.j.i.AbstractJavaProjectConfigurator - Adding resource folder /SpringMVCAnnotationShoppingCart/src/main/resources
2017-09-22 20:51:09,832 [Worker-5] INFO  o.e.m.j.i.AbstractJavaProjectConfigurator - Adding source folder /SpringMVCAnnotationShoppingCart/src/test/java
2017-09-22 20:51:14,319 [Worker-5] INFO  o.e.m.c.i.p.ProjectConfigurationManager - Imported and configured 1 project(s) in 19 sec
2017-09-22 20:53:40,656 [Worker-14] WARN  o.e.m.c.i.embedder.EclipseLogger - Using platform encoding (UTF-8 actually) to copy filtered resources, i.e. build is platform dependent!
2017-09-22 20:53:40,698 [Worker-14] INFO  o.e.m.c.i.embedder.EclipseLogger - Copying 0 resource
2017-09-22 20:53:40,701 [Worker-14] WARN  o.e.m.c.i.embedder.EclipseLogger - Using platform encoding (UTF-8 actually) to copy filtered resources, i.e. build is platform dependent!
2017-09-22 20:53:40,702 [Worker-14] INFO  o.e.m.c.i.embedder.EclipseLogger - skip non existing resourceDirectory /Users/Prashanth/Documents/spring/workspace/SpringMVCAnnotationShoppingCart/src/test/resources
2017-09-22 21:08:28,299 [Worker-25] INFO  o.e.m.c.i.l.LifecycleMappingFactory - Using org.maven.ide.eclipse.wtp.WarLifecycleMapping lifecycle mapping for MavenProject: com.codewithshan:SpringMVCAnnotationShoppingCart:1.0.0 @ /Users/Prashanth/Documents/spring/workspace/SpringMVCAnnotationShoppingCart/pom.xml.
2017-09-22 21:08:28,960 [Worker-25] INFO  o.e.m.c.i.e.AbstractTransferListenerAdapter - Downloaded https://code.lds.org/nexus/content/groups/main-repo/javax/servlet/servlet-api/2.5/servlet-api-2.5.pom
2017-09-22 21:08:29,109 [Worker-25] INFO  o.e.m.c.i.e.AbstractTransferListenerAdapter - Downloading https://repo.maven.apache.org/maven2/javax/servlet/servlet-api/2.5/servlet-api-2.5.pom
2017-09-22 21:08:29,128 [Worker-25] INFO  o.e.m.c.i.e.AbstractTransferListenerAdapter - Downloaded https://repo.maven.apache.org/maven2/javax/servlet/servlet-api/2.5/servlet-api-2.5.pom
2017-09-22 21:08:29,551 [Worker-25] INFO  o.e.m.c.i.e.AbstractTransferListenerAdapter - Downloaded https://code.lds.org/nexus/content/groups/main-repo/javax/servlet/javax.servlet-api/3.1.0/javax.servlet-api-3.1.0.pom
2017-09-22 21:08:29,568 [Worker-25] INFO  o.e.m.c.i.e.AbstractTransferListenerAdapter - Downloading https://repo.maven.apache.org/maven2/javax/servlet/javax.servlet-api/3.1.0/javax.servlet-api-3.1.0.pom
2017-09-22 21:08:29,596 [Worker-25] INFO  o.e.m.c.i.e.AbstractTransferListenerAdapter - Downloaded https://repo.maven.apache.org/maven2/javax/servlet/javax.servlet-api/3.1.0/javax.servlet-api-3.1.0.pom
2017-09-22 21:08:30,047 [Worker-25] INFO  o.e.m.c.i.e.AbstractTransferListenerAdapter - Downloaded https://code.lds.org/nexus/content/groups/main-repo/javax/servlet/jstl/1.2/jstl-1.2.pom
2017-09-22 21:08:30,064 [Worker-25] INFO  o.e.m.c.i.e.AbstractTransferListenerAdapter - Downloading https://repo.maven.apache.org/maven2/javax/servlet/jstl/1.2/jstl-1.2.pom
2017-09-22 21:08:30,082 [Worker-25] INFO  o.e.m.c.i.e.AbstractTransferListenerAdapter - Downloaded https://repo.maven.apache.org/maven2/javax/servlet/jstl/1.2/jstl-1.2.pom
2017-09-22 21:08:30,486 [Worker-25] INFO  o.e.m.c.i.e.AbstractTransferListenerAdapter - Downloaded https://code.lds.org/nexus/content/groups/main-repo/javax/servlet/jsp/jsp-api/2.2/jsp-api-2.2.pom
2017-09-22 21:08:30,545 [Worker-25] INFO  o.e.m.c.i.e.AbstractTransferListenerAdapter - Downloading https://repo.maven.apache.org/maven2/javax/servlet/jsp/jsp-api/2.2/jsp-api-2.2.pom
2017-09-22 21:08:30,975 [Worker-25] INFO  o.e.m.c.i.e.AbstractTransferListenerAdapter - Downloaded https://repo.maven.apache.org/maven2/javax/servlet/jsp/jsp-api/2.2/jsp-api-2.2.pom
2017-09-22 21:08:31,381 [Worker-25] INFO  o.e.m.c.i.e.AbstractTransferListenerAdapter - Downloaded https://code.lds.org/nexus/content/groups/main-repo/org/glassfish/web/jsp/2.2/jsp-2.2.pom
2017-09-22 21:08:31,746 [Worker-25] INFO  o.e.m.c.i.e.AbstractTransferListenerAdapter - Downloading https://repo.maven.apache.org/maven2/org/glassfish/web/jsp/2.2/jsp-2.2.pom
2017-09-22 21:08:31,862 [Worker-25] INFO  o.e.m.c.i.e.AbstractTransferListenerAdapter - Downloaded https://repo.maven.apache.org/maven2/org/glassfish/web/jsp/2.2/jsp-2.2.pom
2017-09-22 21:08:32,269 [Worker-25] INFO  o.e.m.c.i.e.AbstractTransferListenerAdapter - Downloaded https://code.lds.org/nexus/content/groups/main-repo/commons-fileupload/commons-fileupload/1.3.1/commons-fileupload-1.3.1.pom
2017-09-22 21:08:32,290 [Worker-25] INFO  o.e.m.c.i.e.AbstractTransferListenerAdapter - Downloading https://repo.maven.apache.org/maven2/commons-fileupload/commons-fileupload/1.3.1/commons-fileupload-1.3.1.pom
2017-09-22 21:08:32,316 [Worker-25] INFO  o.e.m.c.i.e.AbstractTransferListenerAdapter - Downloaded https://repo.maven.apache.org/maven2/commons-fileupload/commons-fileupload/1.3.1/commons-fileupload-1.3.1.pom
2017-09-22 21:08:32,774 [Worker-25] INFO  o.e.m.c.i.e.AbstractTransferListenerAdapter - Downloaded https://code.lds.org/nexus/content/groups/main-repo/org/apache/commons/commons-parent/32/commons-parent-32.pom
2017-09-22 21:08:32,790 [Worker-25] INFO  o.e.m.c.i.e.AbstractTransferListenerAdapter - Downloading https://repo.maven.apache.org/maven2/org/apache/commons/commons-parent/32/commons-parent-32.pom
2017-09-22 21:08:32,828 [Worker-25] INFO  o.e.m.c.i.e.AbstractTransferListenerAdapter - Downloaded https://repo.maven.apache.org/maven2/org/apache/commons/commons-parent/32/commons-parent-32.pom
2017-09-22 21:08:33,262 [Worker-25] INFO  o.e.m.c.i.e.AbstractTransferListenerAdapter - Downloaded https://code.lds.org/nexus/content/groups/main-repo/commons-io/commons-io/2.2/commons-io-2.2.pom
2017-09-22 21:08:33,284 [Worker-25] INFO  o.e.m.c.i.e.AbstractTransferListenerAdapter - Downloading https://repo.maven.apache.org/maven2/commons-io/commons-io/2.2/commons-io-2.2.pom
2017-09-22 21:08:33,303 [Worker-25] INFO  o.e.m.c.i.e.AbstractTransferListenerAdapter - Downloaded https://repo.maven.apache.org/maven2/commons-io/commons-io/2.2/commons-io-2.2.pom
2017-09-22 21:08:33,715 [Worker-25] INFO  o.e.m.c.i.e.AbstractTransferListenerAdapter - Downloaded https://code.lds.org/nexus/content/groups/main-repo/org/apache/commons/commons-parent/24/commons-parent-24.pom
2017-09-22 21:08:33,734 [Worker-25] INFO  o.e.m.c.i.e.AbstractTransferListenerAdapter - Downloading https://repo.maven.apache.org/maven2/org/apache/commons/commons-parent/24/commons-parent-24.pom
2017-09-22 21:08:33,757 [Worker-25] INFO  o.e.m.c.i.e.AbstractTransferListenerAdapter - Downloaded https://repo.maven.apache.org/maven2/org/apache/commons/commons-parent/24/commons-parent-24.pom
2017-09-22 21:08:34,203 [Worker-25] INFO  o.e.m.c.i.e.AbstractTransferListenerAdapter - Downloading https://code.lds.org/nexus/content/groups/main-repo/org/springframework/spring-core/4.2.5.RELEASE/spring-core-4.2.5.RELEASE.pom
2017-09-22 21:08:34,412 [Worker-25] INFO  o.e.m.c.i.e.AbstractTransferListenerAdapter - Downloaded https://code.lds.org/nexus/content/groups/main-repo/org/springframework/spring-core/4.2.5.RELEASE/spring-core-4.2.5.RELEASE.pom
2017-09-22 21:08:34,554 [Worker-25] INFO  o.e.m.c.i.e.AbstractTransferListenerAdapter - Downloaded https://code.lds.org/nexus/content/groups/main-repo/commons-logging/commons-logging/1.2/commons-logging-1.2.pom
2017-09-22 21:08:34,574 [Worker-25] INFO  o.e.m.c.i.e.AbstractTransferListenerAdapter - Downloading https://repo.maven.apache.org/maven2/commons-logging/commons-logging/1.2/commons-logging-1.2.pom
2017-09-22 21:08:34,591 [Worker-25] INFO  o.e.m.c.i.e.AbstractTransferListenerAdapter - Downloaded https://repo.maven.apache.org/maven2/commons-logging/commons-logging/1.2/commons-logging-1.2.pom
2017-09-22 21:08:34,996 [Worker-25] INFO  o.e.m.c.i.e.AbstractTransferListenerAdapter - Downloaded https://code.lds.org/nexus/content/groups/main-repo/org/apache/commons/commons-parent/34/commons-parent-34.pom
2017-09-22 21:08:35,017 [Worker-25] INFO  o.e.m.c.i.e.AbstractTransferListenerAdapter - Downloading https://repo.maven.apache.org/maven2/org/apache/commons/commons-parent/34/commons-parent-34.pom
2017-09-22 21:08:35,038 [Worker-25] INFO  o.e.m.c.i.e.AbstractTransferListenerAdapter - Downloaded https://repo.maven.apache.org/maven2/org/apache/commons/commons-parent/34/commons-parent-34.pom
2017-09-22 21:08:35,447 [Worker-25] INFO  o.e.m.c.i.e.AbstractTransferListenerAdapter - Downloading https://code.lds.org/nexus/content/groups/main-repo/org/springframework/spring-web/4.2.5.RELEASE/spring-web-4.2.5.RELEASE.pom
2017-09-22 21:08:35,737 [Worker-25] INFO  o.e.m.c.i.e.AbstractTransferListenerAdapter - Downloaded https://code.lds.org/nexus/content/groups/main-repo/org/springframework/spring-web/4.2.5.RELEASE/spring-web-4.2.5.RELEASE.pom
2017-09-22 21:08:35,958 [Worker-25] INFO  o.e.m.c.i.e.AbstractTransferListenerAdapter - Downloading https://code.lds.org/nexus/content/groups/main-repo/org/springframework/spring-aop/4.2.5.RELEASE/spring-aop-4.2.5.RELEASE.pom
2017-09-22 21:08:36,099 [Worker-25] INFO  o.e.m.c.i.e.AbstractTransferListenerAdapter - Downloaded https://code.lds.org/nexus/content/groups/main-repo/org/springframework/spring-aop/4.2.5.RELEASE/spring-aop-4.2.5.RELEASE.pom
2017-09-22 21:08:36,270 [Worker-25] INFO  o.e.m.c.i.e.AbstractTransferListenerAdapter - Downloading https://code.lds.org/nexus/content/groups/main-repo/org/springframework/spring-beans/4.2.5.RELEASE/spring-beans-4.2.5.RELEASE.pom
2017-09-22 21:08:36,414 [Worker-25] INFO  o.e.m.c.i.e.AbstractTransferListenerAdapter - Downloaded https://code.lds.org/nexus/content/groups/main-repo/org/springframework/spring-beans/4.2.5.RELEASE/spring-beans-4.2.5.RELEASE.pom
2017-09-22 21:08:36,563 [Worker-25] INFO  o.e.m.c.i.e.AbstractTransferListenerAdapter - Downloading https://code.lds.org/nexus/content/groups/main-repo/org/springframework/spring-context/4.2.5.RELEASE/spring-context-4.2.5.RELEASE.pom
2017-09-22 21:08:36,708 [Worker-25] INFO  o.e.m.c.i.e.AbstractTransferListenerAdapter - Downloaded https://code.lds.org/nexus/content/groups/main-repo/org/springframework/spring-context/4.2.5.RELEASE/spring-context-4.2.5.RELEASE.pom
2017-09-22 21:08:36,854 [Worker-25] INFO  o.e.m.c.i.e.AbstractTransferListenerAdapter - Downloading https://code.lds.org/nexus/content/groups/main-repo/org/springframework/spring-expression/4.2.5.RELEASE/spring-expression-4.2.5.RELEASE.pom
2017-09-22 21:08:36,996 [Worker-25] INFO  o.e.m.c.i.e.AbstractTransferListenerAdapter - Downloaded https://code.lds.org/nexus/content/groups/main-repo/org/springframework/spring-expression/4.2.5.RELEASE/spring-expression-4.2.5.RELEASE.pom
2017-09-22 21:08:37,140 [Worker-25] INFO  o.e.m.c.i.e.AbstractTransferListenerAdapter - Downloading https://code.lds.org/nexus/content/groups/main-repo/org/springframework/spring-webmvc/4.2.5.RELEASE/spring-webmvc-4.2.5.RELEASE.pom
2017-09-22 21:08:37,282 [Worker-25] INFO  o.e.m.c.i.e.AbstractTransferListenerAdapter - Downloaded https://code.lds.org/nexus/content/groups/main-repo/org/springframework/spring-webmvc/4.2.5.RELEASE/spring-webmvc-4.2.5.RELEASE.pom
2017-09-22 21:08:37,498 [Worker-25] INFO  o.e.m.c.i.e.AbstractTransferListenerAdapter - Downloading https://code.lds.org/nexus/content/groups/main-repo/org/springframework/spring-orm/4.2.5.RELEASE/spring-orm-4.2.5.RELEASE.pom
2017-09-22 21:08:37,638 [Worker-25] INFO  o.e.m.c.i.e.AbstractTransferListenerAdapter - Downloaded https://code.lds.org/nexus/content/groups/main-repo/org/springframework/spring-orm/4.2.5.RELEASE/spring-orm-4.2.5.RELEASE.pom
2017-09-22 21:08:37,851 [Worker-25] INFO  o.e.m.c.i.e.AbstractTransferListenerAdapter - Downloading https://code.lds.org/nexus/content/groups/main-repo/org/springframework/spring-jdbc/4.2.5.RELEASE/spring-jdbc-4.2.5.RELEASE.pom
2017-09-22 21:08:37,995 [Worker-25] INFO  o.e.m.c.i.e.AbstractTransferListenerAdapter - Downloaded https://code.lds.org/nexus/content/groups/main-repo/org/springframework/spring-jdbc/4.2.5.RELEASE/spring-jdbc-4.2.5.RELEASE.pom
2017-09-22 21:08:38,139 [Worker-25] INFO  o.e.m.c.i.e.AbstractTransferListenerAdapter - Downloading https://code.lds.org/nexus/content/groups/main-repo/org/springframework/spring-tx/4.2.5.RELEASE/spring-tx-4.2.5.RELEASE.pom
2017-09-22 21:08:38,283 [Worker-25] INFO  o.e.m.c.i.e.AbstractTransferListenerAdapter - Downloaded https://code.lds.org/nexus/content/groups/main-repo/org/springframework/spring-tx/4.2.5.RELEASE/spring-tx-4.2.5.RELEASE.pom
2017-09-22 21:08:38,430 [Worker-25] INFO  o.e.m.c.i.e.AbstractTransferListenerAdapter - Downloading https://code.lds.org/nexus/content/groups/main-repo/org/springframework/security/spring-security-web/4.0.4.RELEASE/spring-security-web-4.0.4.RELEASE.pom
2017-09-22 21:08:38,573 [Worker-25] INFO  o.e.m.c.i.e.AbstractTransferListenerAdapter - Downloaded https://code.lds.org/nexus/content/groups/main-repo/org/springframework/security/spring-security-web/4.0.4.RELEASE/spring-security-web-4.0.4.RELEASE.pom
2017-09-22 21:08:38,719 [Worker-25] INFO  o.e.m.c.i.e.AbstractTransferListenerAdapter - Downloading https://code.lds.org/nexus/content/groups/main-repo/org/springframework/spring-framework-bom/4.2.5.RELEASE/spring-framework-bom-4.2.5.RELEASE.pom
2017-09-22 21:08:38,864 [Worker-25] INFO  o.e.m.c.i.e.AbstractTransferListenerAdapter - Downloaded https://code.lds.org/nexus/content/groups/main-repo/org/springframework/spring-framework-bom/4.2.5.RELEASE/spring-framework-bom-4.2.5.RELEASE.pom
2017-09-22 21:08:39,010 [Worker-25] INFO  o.e.m.c.i.e.AbstractTransferListenerAdapter - Downloading https://code.lds.org/nexus/content/groups/main-repo/org/springframework/security/spring-security-core/4.0.4.RELEASE/spring-security-core-4.0.4.RELEASE.pom
2017-09-22 21:08:39,155 [Worker-25] INFO  o.e.m.c.i.e.AbstractTransferListenerAdapter - Downloaded https://code.lds.org/nexus/content/groups/main-repo/org/springframework/security/spring-security-core/4.0.4.RELEASE/spring-security-core-4.0.4.RELEASE.pom
2017-09-22 21:08:39,302 [Worker-25] INFO  o.e.m.c.i.e.AbstractTransferListenerAdapter - Downloading https://code.lds.org/nexus/content/groups/main-repo/org/springframework/security/spring-security-config/4.0.4.RELEASE/spring-security-config-4.0.4.RELEASE.pom
2017-09-22 21:08:39,445 [Worker-25] INFO  o.e.m.c.i.e.AbstractTransferListenerAdapter - Downloaded https://code.lds.org/nexus/content/groups/main-repo/org/springframework/security/spring-security-config/4.0.4.RELEASE/spring-security-config-4.0.4.RELEASE.pom
2017-09-22 21:08:39,588 [Worker-25] INFO  o.e.m.c.i.e.AbstractTransferListenerAdapter - Downloading https://code.lds.org/nexus/content/groups/main-repo/org/springframework/security/spring-security-taglibs/4.0.4.RELEASE/spring-security-taglibs-4.0.4.RELEASE.pom
2017-09-22 21:08:39,804 [Worker-25] INFO  o.e.m.c.i.e.AbstractTransferListenerAdapter - Downloaded https://code.lds.org/nexus/content/groups/main-repo/org/springframework/security/spring-security-taglibs/4.0.4.RELEASE/spring-security-taglibs-4.0.4.RELEASE.pom
2017-09-22 21:08:39,954 [Worker-25] INFO  o.e.m.c.i.e.AbstractTransferListenerAdapter - Downloading https://code.lds.org/nexus/content/groups/main-repo/org/springframework/security/spring-security-acl/4.0.4.RELEASE/spring-security-acl-4.0.4.RELEASE.pom
2017-09-22 21:08:40,097 [Worker-25] INFO  o.e.m.c.i.e.AbstractTransferListenerAdapter - Downloaded https://code.lds.org/nexus/content/groups/main-repo/org/springframework/security/spring-security-acl/4.0.4.RELEASE/spring-security-acl-4.0.4.RELEASE.pom
2017-09-22 21:08:40,310 [Worker-25] INFO  o.e.m.c.i.e.AbstractTransferListenerAdapter - Downloaded https://code.lds.org/nexus/content/groups/main-repo/org/hibernate/hibernate-core/5.2.10.Final/hibernate-core-5.2.10.Final.pom
2017-09-22 21:08:40,330 [Worker-25] INFO  o.e.m.c.i.e.AbstractTransferListenerAdapter - Downloading https://repo.maven.apache.org/maven2/org/hibernate/hibernate-core/5.2.10.Final/hibernate-core-5.2.10.Final.pom
2017-09-22 21:08:40,350 [Worker-25] INFO  o.e.m.c.i.e.AbstractTransferListenerAdapter - Downloaded https://repo.maven.apache.org/maven2/org/hibernate/hibernate-core/5.2.10.Final/hibernate-core-5.2.10.Final.pom
2017-09-22 21:08:40,757 [Worker-25] INFO  o.e.m.c.i.e.AbstractTransferListenerAdapter - Downloaded https://code.lds.org/nexus/content/groups/main-repo/org/jboss/logging/jboss-logging/3.3.0.Final/jboss-logging-3.3.0.Final.pom
2017-09-22 21:08:40,776 [Worker-25] INFO  o.e.m.c.i.e.AbstractTransferListenerAdapter - Downloading https://repo.maven.apache.org/maven2/org/jboss/logging/jboss-logging/3.3.0.Final/jboss-logging-3.3.0.Final.pom
2017-09-22 21:08:40,800 [Worker-25] INFO  o.e.m.c.i.e.AbstractTransferListenerAdapter - Downloaded https://repo.maven.apache.org/maven2/org/jboss/logging/jboss-logging/3.3.0.Final/jboss-logging-3.3.0.Final.pom
2017-09-22 21:08:41,206 [Worker-25] INFO  o.e.m.c.i.e.AbstractTransferListenerAdapter - Downloaded https://code.lds.org/nexus/content/groups/main-repo/org/jboss/jboss-parent/15/jboss-parent-15.pom
2017-09-22 21:08:41,223 [Worker-25] INFO  o.e.m.c.i.e.AbstractTransferListenerAdapter - Downloading https://repo.maven.apache.org/maven2/org/jboss/jboss-parent/15/jboss-parent-15.pom
2017-09-22 21:08:41,246 [Worker-25] INFO  o.e.m.c.i.e.AbstractTransferListenerAdapter - Downloaded https://repo.maven.apache.org/maven2/org/jboss/jboss-parent/15/jboss-parent-15.pom
2017-09-22 21:08:41,654 [Worker-25] INFO  o.e.m.c.i.e.AbstractTransferListenerAdapter - Downloaded https://code.lds.org/nexus/content/groups/main-repo/org/hibernate/javax/persistence/hibernate-jpa-2.1-api/1.0.0.Final/hibernate-jpa-2.1-api-1.0.0.Final.pom
2017-09-22 21:08:41,671 [Worker-25] INFO  o.e.m.c.i.e.AbstractTransferListenerAdapter - Downloading https://repo.maven.apache.org/maven2/org/hibernate/javax/persistence/hibernate-jpa-2.1-api/1.0.0.Final/hibernate-jpa-2.1-api-1.0.0.Final.pom
2017-09-22 21:08:41,691 [Worker-25] INFO  o.e.m.c.i.e.AbstractTransferListenerAdapter - Downloaded https://repo.maven.apache.org/maven2/org/hibernate/javax/persistence/hibernate-jpa-2.1-api/1.0.0.Final/hibernate-jpa-2.1-api-1.0.0.Final.pom
2017-09-22 21:08:42,102 [Worker-25] INFO  o.e.m.c.i.e.AbstractTransferListenerAdapter - Downloaded https://code.lds.org/nexus/content/groups/main-repo/org/javassist/javassist/3.20.0-GA/javassist-3.20.0-GA.pom
2017-09-22 21:08:42,120 [Worker-25] INFO  o.e.m.c.i.e.AbstractTransferListenerAdapter - Downloading https://repo.maven.apache.org/maven2/org/javassist/javassist/3.20.0-GA/javassist-3.20.0-GA.pom
2017-09-22 21:08:42,140 [Worker-25] INFO  o.e.m.c.i.e.AbstractTransferListenerAdapter - Downloaded https://repo.maven.apache.org/maven2/org/javassist/javassist/3.20.0-GA/javassist-3.20.0-GA.pom
2017-09-22 21:08:42,542 [Worker-25] INFO  o.e.m.c.i.e.AbstractTransferListenerAdapter - Downloaded https://code.lds.org/nexus/content/groups/main-repo/antlr/antlr/2.7.7/antlr-2.7.7.pom
2017-09-22 21:08:42,562 [Worker-25] INFO  o.e.m.c.i.e.AbstractTransferListenerAdapter - Downloading https://repo.maven.apache.org/maven2/antlr/antlr/2.7.7/antlr-2.7.7.pom
2017-09-22 21:08:42,579 [Worker-25] INFO  o.e.m.c.i.e.AbstractTransferListenerAdapter - Downloaded https://repo.maven.apache.org/maven2/antlr/antlr/2.7.7/antlr-2.7.7.pom
2017-09-22 21:08:43,009 [Worker-25] INFO  o.e.m.c.i.e.AbstractTransferListenerAdapter - Downloaded https://code.lds.org/nexus/content/groups/main-repo/org/jboss/spec/javax/transaction/jboss-transaction-api_1.2_spec/1.0.1.Final/jboss-transaction-api_1.2_spec-1.0.1.Final.pom
2017-09-22 21:08:43,026 [Worker-25] INFO  o.e.m.c.i.e.AbstractTransferListenerAdapter - Downloading https://repo.maven.apache.org/maven2/org/jboss/spec/javax/transaction/jboss-transaction-api_1.2_spec/1.0.1.Final/jboss-transaction-api_1.2_spec-1.0.1.Final.pom
2017-09-22 21:08:43,044 [Worker-25] INFO  o.e.m.c.i.e.AbstractTransferListenerAdapter - Downloaded https://repo.maven.apache.org/maven2/org/jboss/spec/javax/transaction/jboss-transaction-api_1.2_spec/1.0.1.Final/jboss-transaction-api_1.2_spec-1.0.1.Final.pom
2017-09-22 21:08:43,449 [Worker-25] INFO  o.e.m.c.i.e.AbstractTransferListenerAdapter - Downloaded https://code.lds.org/nexus/content/groups/main-repo/org/jboss/jboss-parent/20/jboss-parent-20.pom
2017-09-22 21:08:43,466 [Worker-25] INFO  o.e.m.c.i.e.AbstractTransferListenerAdapter - Downloading https://repo.maven.apache.org/maven2/org/jboss/jboss-parent/20/jboss-parent-20.pom
2017-09-22 21:08:43,492 [Worker-25] INFO  o.e.m.c.i.e.AbstractTransferListenerAdapter - Downloaded https://repo.maven.apache.org/maven2/org/jboss/jboss-parent/20/jboss-parent-20.pom
2017-09-22 21:08:43,905 [Worker-25] INFO  o.e.m.c.i.e.AbstractTransferListenerAdapter - Downloaded https://code.lds.org/nexus/content/groups/main-repo/org/jboss/jandex/2.0.3.Final/jandex-2.0.3.Final.pom
2017-09-22 21:08:43,924 [Worker-25] INFO  o.e.m.c.i.e.AbstractTransferListenerAdapter - Downloading https://repo.maven.apache.org/maven2/org/jboss/jandex/2.0.3.Final/jandex-2.0.3.Final.pom
2017-09-22 21:08:43,943 [Worker-25] INFO  o.e.m.c.i.e.AbstractTransferListenerAdapter - Downloaded https://repo.maven.apache.org/maven2/org/jboss/jandex/2.0.3.Final/jandex-2.0.3.Final.pom
2017-09-22 21:08:44,348 [Worker-25] INFO  o.e.m.c.i.e.AbstractTransferListenerAdapter - Downloaded https://code.lds.org/nexus/content/groups/main-repo/org/jboss/jboss-parent/12/jboss-parent-12.pom
2017-09-22 21:08:44,366 [Worker-25] INFO  o.e.m.c.i.e.AbstractTransferListenerAdapter - Downloading https://repo.maven.apache.org/maven2/org/jboss/jboss-parent/12/jboss-parent-12.pom
2017-09-22 21:08:44,392 [Worker-25] INFO  o.e.m.c.i.e.AbstractTransferListenerAdapter - Downloaded https://repo.maven.apache.org/maven2/org/jboss/jboss-parent/12/jboss-parent-12.pom
2017-09-22 21:08:44,872 [Worker-25] INFO  o.e.m.c.i.e.AbstractTransferListenerAdapter - Downloaded https://code.lds.org/nexus/content/groups/main-repo/com/fasterxml/classmate/1.3.0/classmate-1.3.0.pom
2017-09-22 21:08:44,890 [Worker-25] INFO  o.e.m.c.i.e.AbstractTransferListenerAdapter - Downloading https://repo.maven.apache.org/maven2/com/fasterxml/classmate/1.3.0/classmate-1.3.0.pom
2017-09-22 21:08:44,909 [Worker-25] INFO  o.e.m.c.i.e.AbstractTransferListenerAdapter - Downloaded https://repo.maven.apache.org/maven2/com/fasterxml/classmate/1.3.0/classmate-1.3.0.pom
2017-09-22 21:08:45,311 [Worker-25] INFO  o.e.m.c.i.e.AbstractTransferListenerAdapter - Downloaded https://code.lds.org/nexus/content/groups/main-repo/com/fasterxml/oss-parent/24/oss-parent-24.pom
2017-09-22 21:08:45,331 [Worker-25] INFO  o.e.m.c.i.e.AbstractTransferListenerAdapter - Downloading https://repo.maven.apache.org/maven2/com/fasterxml/oss-parent/24/oss-parent-24.pom
2017-09-22 21:08:45,356 [Worker-25] INFO  o.e.m.c.i.e.AbstractTransferListenerAdapter - Downloaded https://repo.maven.apache.org/maven2/com/fasterxml/oss-parent/24/oss-parent-24.pom
2017-09-22 21:08:45,781 [Worker-25] INFO  o.e.m.c.i.e.AbstractTransferListenerAdapter - Downloaded https://code.lds.org/nexus/content/groups/main-repo/org/hibernate/common/hibernate-commons-annotations/5.0.1.Final/hibernate-commons-annotations-5.0.1.Final.pom
2017-09-22 21:08:45,805 [Worker-25] INFO  o.e.m.c.i.e.AbstractTransferListenerAdapter - Downloading https://repo.maven.apache.org/maven2/org/hibernate/common/hibernate-commons-annotations/5.0.1.Final/hibernate-commons-annotations-5.0.1.Final.pom
2017-09-22 21:08:45,822 [Worker-25] INFO  o.e.m.c.i.e.AbstractTransferListenerAdapter - Downloaded https://repo.maven.apache.org/maven2/org/hibernate/common/hibernate-commons-annotations/5.0.1.Final/hibernate-commons-annotations-5.0.1.Final.pom
2017-09-22 21:08:46,234 [Worker-25] INFO  o.e.m.c.i.e.AbstractTransferListenerAdapter - Downloaded https://code.lds.org/nexus/content/groups/main-repo/org/hibernate/hibernate-entitymanager/5.2.10.Final/hibernate-entitymanager-5.2.10.Final.pom
2017-09-22 21:08:46,259 [Worker-25] INFO  o.e.m.c.i.e.AbstractTransferListenerAdapter - Downloading https://repo.maven.apache.org/maven2/org/hibernate/hibernate-entitymanager/5.2.10.Final/hibernate-entitymanager-5.2.10.Final.pom
2017-09-22 21:08:46,289 [Worker-25] INFO  o.e.m.c.i.e.AbstractTransferListenerAdapter - Downloaded https://repo.maven.apache.org/maven2/org/hibernate/hibernate-entitymanager/5.2.10.Final/hibernate-entitymanager-5.2.10.Final.pom
2017-09-22 21:08:46,695 [Worker-25] INFO  o.e.m.c.i.e.AbstractTransferListenerAdapter - Downloaded https://code.lds.org/nexus/content/groups/main-repo/net/bytebuddy/byte-buddy/1.6.6/byte-buddy-1.6.6.pom
2017-09-22 21:08:46,713 [Worker-25] INFO  o.e.m.c.i.e.AbstractTransferListenerAdapter - Downloading https://repo.maven.apache.org/maven2/net/bytebuddy/byte-buddy/1.6.6/byte-buddy-1.6.6.pom
2017-09-22 21:08:46,786 [Worker-25] INFO  o.e.m.c.i.e.AbstractTransferListenerAdapter - Downloaded https://repo.maven.apache.org/maven2/net/bytebuddy/byte-buddy/1.6.6/byte-buddy-1.6.6.pom
2017-09-22 21:08:47,204 [Worker-25] INFO  o.e.m.c.i.e.AbstractTransferListenerAdapter - Downloaded https://code.lds.org/nexus/content/groups/main-repo/net/bytebuddy/byte-buddy-parent/1.6.6/byte-buddy-parent-1.6.6.pom
2017-09-22 21:08:47,221 [Worker-25] INFO  o.e.m.c.i.e.AbstractTransferListenerAdapter - Downloading https://repo.maven.apache.org/maven2/net/bytebuddy/byte-buddy-parent/1.6.6/byte-buddy-parent-1.6.6.pom
2017-09-22 21:08:47,245 [Worker-25] INFO  o.e.m.c.i.e.AbstractTransferListenerAdapter - Downloaded https://repo.maven.apache.org/maven2/net/bytebuddy/byte-buddy-parent/1.6.6/byte-buddy-parent-1.6.6.pom
2017-09-22 21:08:47,650 [Worker-25] INFO  o.e.m.c.i.e.AbstractTransferListenerAdapter - Downloaded https://code.lds.org/nexus/content/groups/main-repo/org/hibernate/hibernate-c3p0/5.2.10.Final/hibernate-c3p0-5.2.10.Final.pom
2017-09-22 21:08:47,667 [Worker-25] INFO  o.e.m.c.i.e.AbstractTransferListenerAdapter - Downloading https://repo.maven.apache.org/maven2/org/hibernate/hibernate-c3p0/5.2.10.Final/hibernate-c3p0-5.2.10.Final.pom
2017-09-22 21:08:47,685 [Worker-25] INFO  o.e.m.c.i.e.AbstractTransferListenerAdapter - Downloaded https://repo.maven.apache.org/maven2/org/hibernate/hibernate-c3p0/5.2.10.Final/hibernate-c3p0-5.2.10.Final.pom
2017-09-22 21:08:48,097 [Worker-25] INFO  o.e.m.c.i.e.AbstractTransferListenerAdapter - Downloaded https://code.lds.org/nexus/content/groups/main-repo/com/mchange/c3p0/0.9.5.2/c3p0-0.9.5.2.pom
2017-09-22 21:08:48,113 [Worker-25] INFO  o.e.m.c.i.e.AbstractTransferListenerAdapter - Downloading https://repo.maven.apache.org/maven2/com/mchange/c3p0/0.9.5.2/c3p0-0.9.5.2.pom
2017-09-22 21:08:48,130 [Worker-25] INFO  o.e.m.c.i.e.AbstractTransferListenerAdapter - Downloaded https://repo.maven.apache.org/maven2/com/mchange/c3p0/0.9.5.2/c3p0-0.9.5.2.pom
2017-09-22 21:08:48,551 [Worker-25] INFO  o.e.m.c.i.e.AbstractTransferListenerAdapter - Downloaded https://code.lds.org/nexus/content/groups/main-repo/com/mchange/mchange-commons-java/0.2.11/mchange-commons-java-0.2.11.pom
2017-09-22 21:08:48,569 [Worker-25] INFO  o.e.m.c.i.e.AbstractTransferListenerAdapter - Downloading https://repo.maven.apache.org/maven2/com/mchange/mchange-commons-java/0.2.11/mchange-commons-java-0.2.11.pom
2017-09-22 21:08:48,588 [Worker-25] INFO  o.e.m.c.i.e.AbstractTransferListenerAdapter - Downloaded https://repo.maven.apache.org/maven2/com/mchange/mchange-commons-java/0.2.11/mchange-commons-java-0.2.11.pom
2017-09-22 21:08:49,186 [Worker-25] INFO  o.e.m.c.i.e.AbstractTransferListenerAdapter - Downloaded https://code.lds.org/nexus/content/groups/main-repo/mysql/mysql-connector-java/5.1.6/mysql-connector-java-5.1.6.pom
2017-09-22 21:08:49,204 [Worker-25] INFO  o.e.m.c.i.e.AbstractTransferListenerAdapter - Downloading https://repo.maven.apache.org/maven2/mysql/mysql-connector-java/5.1.6/mysql-connector-java-5.1.6.pom
2017-09-22 21:08:49,222 [Worker-25] INFO  o.e.m.c.i.e.AbstractTransferListenerAdapter - Downloaded https://repo.maven.apache.org/maven2/mysql/mysql-connector-java/5.1.6/mysql-connector-java-5.1.6.pom
2017-09-22 21:08:49,628 [Worker-25] INFO  o.e.m.c.i.e.AbstractTransferListenerAdapter - Downloading https://code.lds.org/nexus/content/groups/main-repo/com/oracle/ojdbc6/11.2.0.3/ojdbc6-11.2.0.3.pom
2017-09-22 21:08:49,769 [Worker-25] INFO  o.e.m.c.i.e.AbstractTransferListenerAdapter - Downloaded https://code.lds.org/nexus/content/groups/main-repo/com/oracle/ojdbc6/11.2.0.3/ojdbc6-11.2.0.3.pom
2017-09-22 21:08:49,918 [Worker-25] INFO  o.e.m.c.i.e.AbstractTransferListenerAdapter - Downloaded https://code.lds.org/nexus/content/groups/main-repo/net/sourceforge/jtds/jtds/1.3.1/jtds-1.3.1.pom
2017-09-22 21:08:49,938 [Worker-25] INFO  o.e.m.c.i.e.AbstractTransferListenerAdapter - Downloading https://repo.maven.apache.org/maven2/net/sourceforge/jtds/jtds/1.3.1/jtds-1.3.1.pom
2017-09-22 21:08:49,955 [Worker-25] INFO  o.e.m.c.i.e.AbstractTransferListenerAdapter - Downloaded https://repo.maven.apache.org/maven2/net/sourceforge/jtds/jtds/1.3.1/jtds-1.3.1.pom
2017-09-22 21:08:50,357 [Worker-25] INFO  o.e.m.c.i.e.AbstractTransferListenerAdapter - Downloaded https://code.lds.org/nexus/content/groups/main-repo/org/sonatype/oss/oss-parent/7/oss-parent-7.pom
2017-09-22 21:08:50,377 [Worker-25] INFO  o.e.m.c.i.e.AbstractTransferListenerAdapter - Downloading https://repo.maven.apache.org/maven2/org/sonatype/oss/oss-parent/7/oss-parent-7.pom
2017-09-22 21:08:50,394 [Worker-25] INFO  o.e.m.c.i.e.AbstractTransferListenerAdapter - Downloaded https://repo.maven.apache.org/maven2/org/sonatype/oss/oss-parent/7/oss-parent-7.pom
2017-09-22 21:08:50,800 [Worker-25] INFO  o.e.m.c.i.e.AbstractTransferListenerAdapter - Downloaded https://code.lds.org/nexus/content/groups/main-repo/postgresql/postgresql/9.1-901-1.jdbc4/postgresql-9.1-901-1.jdbc4.pom
2017-09-22 21:08:50,818 [Worker-25] INFO  o.e.m.c.i.e.AbstractTransferListenerAdapter - Downloading https://repo.maven.apache.org/maven2/postgresql/postgresql/9.1-901-1.jdbc4/postgresql-9.1-901-1.jdbc4.pom
2017-09-22 21:08:50,834 [Worker-25] INFO  o.e.m.c.i.e.AbstractTransferListenerAdapter - Downloaded https://repo.maven.apache.org/maven2/postgresql/postgresql/9.1-901-1.jdbc4/postgresql-9.1-901-1.jdbc4.pom
2017-09-22 21:08:51,351 [Worker-25] INFO  o.e.m.c.i.e.AbstractTransferListenerAdapter - Downloaded https://code.lds.org/nexus/content/groups/main-repo/commons-validator/commons-validator/1.5.0/commons-validator-1.5.0.pom
2017-09-22 21:08:51,370 [Worker-25] INFO  o.e.m.c.i.e.AbstractTransferListenerAdapter - Downloading https://repo.maven.apache.org/maven2/commons-validator/commons-validator/1.5.0/commons-validator-1.5.0.pom
2017-09-22 21:08:51,388 [Worker-25] INFO  o.e.m.c.i.e.AbstractTransferListenerAdapter - Downloaded https://repo.maven.apache.org/maven2/commons-validator/commons-validator/1.5.0/commons-validator-1.5.0.pom
2017-09-22 21:08:51,786 [Worker-25] INFO  o.e.m.c.i.e.AbstractTransferListenerAdapter - Downloaded https://code.lds.org/nexus/content/groups/main-repo/org/apache/commons/commons-parent/39/commons-parent-39.pom
2017-09-22 21:08:51,805 [Worker-25] INFO  o.e.m.c.i.e.AbstractTransferListenerAdapter - Downloading https://repo.maven.apache.org/maven2/org/apache/commons/commons-parent/39/commons-parent-39.pom
2017-09-22 21:08:51,828 [Worker-25] INFO  o.e.m.c.i.e.AbstractTransferListenerAdapter - Downloaded https://repo.maven.apache.org/maven2/org/apache/commons/commons-parent/39/commons-parent-39.pom
2017-09-22 21:08:52,236 [Worker-25] INFO  o.e.m.c.i.e.AbstractTransferListenerAdapter - Downloaded https://code.lds.org/nexus/content/groups/main-repo/org/apache/apache/16/apache-16.pom
2017-09-22 21:08:52,253 [Worker-25] INFO  o.e.m.c.i.e.AbstractTransferListenerAdapter - Downloading https://repo.maven.apache.org/maven2/org/apache/apache/16/apache-16.pom
2017-09-22 21:08:52,273 [Worker-25] INFO  o.e.m.c.i.e.AbstractTransferListenerAdapter - Downloaded https://repo.maven.apache.org/maven2/org/apache/apache/16/apache-16.pom
2017-09-22 21:08:52,691 [Worker-25] INFO  o.e.m.c.i.e.AbstractTransferListenerAdapter - Downloaded https://code.lds.org/nexus/content/groups/main-repo/commons-beanutils/commons-beanutils/1.9.2/commons-beanutils-1.9.2.pom
2017-09-22 21:08:52,711 [Worker-25] INFO  o.e.m.c.i.e.AbstractTransferListenerAdapter - Downloading https://repo.maven.apache.org/maven2/commons-beanutils/commons-beanutils/1.9.2/commons-beanutils-1.9.2.pom
2017-09-22 21:08:52,732 [Worker-25] INFO  o.e.m.c.i.e.AbstractTransferListenerAdapter - Downloaded https://repo.maven.apache.org/maven2/commons-beanutils/commons-beanutils/1.9.2/commons-beanutils-1.9.2.pom
2017-09-22 21:08:53,136 [Worker-25] INFO  o.e.m.c.i.e.AbstractTransferListenerAdapter - Downloaded https://code.lds.org/nexus/content/groups/main-repo/org/apache/commons/commons-parent/33/commons-parent-33.pom
2017-09-22 21:08:53,166 [Worker-25] INFO  o.e.m.c.i.e.AbstractTransferListenerAdapter - Downloading https://repo.maven.apache.org/maven2/org/apache/commons/commons-parent/33/commons-parent-33.pom
2017-09-22 21:08:53,198 [Worker-25] INFO  o.e.m.c.i.e.AbstractTransferListenerAdapter - Downloaded https://repo.maven.apache.org/maven2/org/apache/commons/commons-parent/33/commons-parent-33.pom
2017-09-22 21:08:53,658 [Worker-25] INFO  o.e.m.c.i.e.AbstractTransferListenerAdapter - Downloaded https://code.lds.org/nexus/content/groups/main-repo/commons-collections/commons-collections/3.2.1/commons-collections-3.2.1.pom
2017-09-22 21:08:53,676 [Worker-25] INFO  o.e.m.c.i.e.AbstractTransferListenerAdapter - Downloading https://repo.maven.apache.org/maven2/commons-collections/commons-collections/3.2.1/commons-collections-3.2.1.pom
2017-09-22 21:08:53,693 [Worker-25] INFO  o.e.m.c.i.e.AbstractTransferListenerAdapter - Downloaded https://repo.maven.apache.org/maven2/commons-collections/commons-collections/3.2.1/commons-collections-3.2.1.pom
2017-09-22 21:08:54,098 [Worker-25] INFO  o.e.m.c.i.e.AbstractTransferListenerAdapter - Downloaded https://code.lds.org/nexus/content/groups/main-repo/org/apache/commons/commons-parent/9/commons-parent-9.pom
2017-09-22 21:08:54,353 [Worker-25] INFO  o.e.m.c.i.e.AbstractTransferListenerAdapter - Downloading https://repo.maven.apache.org/maven2/org/apache/commons/commons-parent/9/commons-parent-9.pom
2017-09-22 21:08:54,405 [Worker-25] INFO  o.e.m.c.i.e.AbstractTransferListenerAdapter - Downloaded https://repo.maven.apache.org/maven2/org/apache/commons/commons-parent/9/commons-parent-9.pom
2017-09-22 21:08:54,804 [Worker-25] INFO  o.e.m.c.i.e.AbstractTransferListenerAdapter - Downloaded https://code.lds.org/nexus/content/groups/main-repo/commons-digester/commons-digester/1.8.1/commons-digester-1.8.1.pom
2017-09-22 21:08:54,823 [Worker-25] INFO  o.e.m.c.i.e.AbstractTransferListenerAdapter - Downloading https://repo.maven.apache.org/maven2/commons-digester/commons-digester/1.8.1/commons-digester-1.8.1.pom
2017-09-22 21:08:54,840 [Worker-25] INFO  o.e.m.c.i.e.AbstractTransferListenerAdapter - Downloaded https://repo.maven.apache.org/maven2/commons-digester/commons-digester/1.8.1/commons-digester-1.8.1.pom
2017-09-22 21:08:55,246 [Worker-25] INFO  o.e.m.c.i.e.AbstractTransferListenerAdapter - Downloaded https://code.lds.org/nexus/content/groups/main-repo/org/apache/commons/commons-parent/11/commons-parent-11.pom
2017-09-22 21:08:55,267 [Worker-25] INFO  o.e.m.c.i.e.AbstractTransferListenerAdapter - Downloading https://repo.maven.apache.org/maven2/org/apache/commons/commons-parent/11/commons-parent-11.pom
2017-09-22 21:08:55,302 [Worker-25] INFO  o.e.m.c.i.e.AbstractTransferListenerAdapter - Downloaded https://repo.maven.apache.org/maven2/org/apache/commons/commons-parent/11/commons-parent-11.pom
2017-09-22 21:08:55,716 [Worker-25] INFO  o.e.m.c.i.e.AbstractTransferListenerAdapter - Downloaded https://code.lds.org/nexus/content/groups/main-repo/commons-collections/commons-collections/3.2.2/commons-collections-3.2.2.pom
2017-09-22 21:08:55,738 [Worker-25] INFO  o.e.m.c.i.e.AbstractTransferListenerAdapter - Downloading https://repo.maven.apache.org/maven2/commons-collections/commons-collections/3.2.2/commons-collections-3.2.2.pom
2017-09-22 21:08:55,756 [Worker-25] INFO  o.e.m.c.i.e.AbstractTransferListenerAdapter - Downloaded https://repo.maven.apache.org/maven2/commons-collections/commons-collections/3.2.2/commons-collections-3.2.2.pom
2017-09-22 21:08:56,192 [Worker-25] INFO  o.e.m.c.i.e.AbstractTransferListenerAdapter - Downloaded https://code.lds.org/nexus/content/groups/main-repo/javax/servlet/servlet-api/2.5/servlet-api-2.5.jar
2017-09-22 21:08:56,597 [Worker-25] INFO  o.e.m.c.i.e.AbstractTransferListenerAdapter - Downloaded https://code.lds.org/nexus/content/groups/main-repo/javax/servlet/javax.servlet-api/3.1.0/javax.servlet-api-3.1.0.jar
2017-09-22 21:08:57,003 [Worker-25] INFO  o.e.m.c.i.e.AbstractTransferListenerAdapter - Downloaded https://code.lds.org/nexus/content/groups/main-repo/javax/servlet/jstl/1.2/jstl-1.2.jar
2017-09-22 21:08:57,400 [Worker-25] INFO  o.e.m.c.i.e.AbstractTransferListenerAdapter - Downloaded https://code.lds.org/nexus/content/groups/main-repo/javax/servlet/jsp/jsp-api/2.2/jsp-api-2.2.jar
2017-09-22 21:08:57,801 [Worker-25] INFO  o.e.m.c.i.e.AbstractTransferListenerAdapter - Downloaded https://code.lds.org/nexus/content/groups/main-repo/commons-fileupload/commons-fileupload/1.3.1/commons-fileupload-1.3.1.jar
2017-09-22 21:08:58,308 [Worker-25] INFO  o.e.m.c.i.e.AbstractTransferListenerAdapter - Downloaded https://code.lds.org/nexus/content/groups/main-repo/commons-io/commons-io/2.2/commons-io-2.2.jar
2017-09-22 21:08:58,710 [Worker-25] INFO  o.e.m.c.i.e.AbstractTransferListenerAdapter - Downloading https://code.lds.org/nexus/content/groups/main-repo/org/springframework/spring-core/4.2.5.RELEASE/spring-core-4.2.5.RELEASE.jar
2017-09-22 21:09:00,950 [Worker-25] INFO  o.e.m.c.i.e.AbstractTransferListenerAdapter - Downloaded https://code.lds.org/nexus/content/groups/main-repo/org/springframework/spring-core/4.2.5.RELEASE/spring-core-4.2.5.RELEASE.jar
2017-09-22 21:09:01,093 [Worker-25] INFO  o.e.m.c.i.e.AbstractTransferListenerAdapter - Downloaded https://code.lds.org/nexus/content/groups/main-repo/commons-logging/commons-logging/1.2/commons-logging-1.2.jar
2017-09-22 21:09:01,497 [Worker-25] INFO  o.e.m.c.i.e.AbstractTransferListenerAdapter - Downloading https://code.lds.org/nexus/content/groups/main-repo/org/springframework/spring-web/4.2.5.RELEASE/spring-web-4.2.5.RELEASE.jar
2017-09-22 21:09:03,057 [Worker-25] INFO  o.e.m.c.i.e.AbstractTransferListenerAdapter - Downloaded https://code.lds.org/nexus/content/groups/main-repo/org/springframework/spring-web/4.2.5.RELEASE/spring-web-4.2.5.RELEASE.jar
2017-09-22 21:09:03,200 [Worker-25] INFO  o.e.m.c.i.e.AbstractTransferListenerAdapter - Downloading https://code.lds.org/nexus/content/groups/main-repo/org/springframework/spring-aop/4.2.5.RELEASE/spring-aop-4.2.5.RELEASE.jar
2017-09-22 21:09:03,853 [Worker-25] INFO  o.e.m.c.i.e.AbstractTransferListenerAdapter - Downloaded https://code.lds.org/nexus/content/groups/main-repo/org/springframework/spring-aop/4.2.5.RELEASE/spring-aop-4.2.5.RELEASE.jar
2017-09-22 21:09:03,996 [Worker-25] INFO  o.e.m.c.i.e.AbstractTransferListenerAdapter - Downloading https://code.lds.org/nexus/content/groups/main-repo/org/springframework/spring-beans/4.2.5.RELEASE/spring-beans-4.2.5.RELEASE.jar
2017-09-22 21:09:05,092 [Worker-25] INFO  o.e.m.c.i.e.AbstractTransferListenerAdapter - Downloaded https://code.lds.org/nexus/content/groups/main-repo/org/springframework/spring-beans/4.2.5.RELEASE/spring-beans-4.2.5.RELEASE.jar
2017-09-22 21:09:05,235 [Worker-25] INFO  o.e.m.c.i.e.AbstractTransferListenerAdapter - Downloading https://code.lds.org/nexus/content/groups/main-repo/org/springframework/spring-context/4.2.5.RELEASE/spring-context-4.2.5.RELEASE.jar
2017-09-22 21:09:06,836 [Worker-25] INFO  o.e.m.c.i.e.AbstractTransferListenerAdapter - Downloaded https://code.lds.org/nexus/content/groups/main-repo/org/springframework/spring-context/4.2.5.RELEASE/spring-context-4.2.5.RELEASE.jar
2017-09-22 21:09:06,980 [Worker-25] INFO  o.e.m.c.i.e.AbstractTransferListenerAdapter - Downloading https://code.lds.org/nexus/content/groups/main-repo/org/springframework/spring-webmvc/4.2.5.RELEASE/spring-webmvc-4.2.5.RELEASE.jar
2017-09-22 21:09:08,235 [Worker-25] INFO  o.e.m.c.i.e.AbstractTransferListenerAdapter - Downloaded https://code.lds.org/nexus/content/groups/main-repo/org/springframework/spring-webmvc/4.2.5.RELEASE/spring-webmvc-4.2.5.RELEASE.jar
2017-09-22 21:09:08,379 [Worker-25] INFO  o.e.m.c.i.e.AbstractTransferListenerAdapter - Downloading https://code.lds.org/nexus/content/groups/main-repo/org/springframework/spring-expression/4.2.5.RELEASE/spring-expression-4.2.5.RELEASE.jar
2017-09-22 21:09:08,871 [Worker-25] INFO  o.e.m.c.i.e.AbstractTransferListenerAdapter - Downloaded https://code.lds.org/nexus/content/groups/main-repo/org/springframework/spring-expression/4.2.5.RELEASE/spring-expression-4.2.5.RELEASE.jar
2017-09-22 21:09:09,015 [Worker-25] INFO  o.e.m.c.i.e.AbstractTransferListenerAdapter - Downloading https://code.lds.org/nexus/content/groups/main-repo/org/springframework/spring-orm/4.2.5.RELEASE/spring-orm-4.2.5.RELEASE.jar
2017-09-22 21:09:09,811 [Worker-25] INFO  o.e.m.c.i.e.AbstractTransferListenerAdapter - Downloaded https://code.lds.org/nexus/content/groups/main-repo/org/springframework/spring-orm/4.2.5.RELEASE/spring-orm-4.2.5.RELEASE.jar
2017-09-22 21:09:09,955 [Worker-25] INFO  o.e.m.c.i.e.AbstractTransferListenerAdapter - Downloading https://code.lds.org/nexus/content/groups/main-repo/org/springframework/spring-jdbc/4.2.5.RELEASE/spring-jdbc-4.2.5.RELEASE.jar
2017-09-22 21:09:10,635 [Worker-25] INFO  o.e.m.c.i.e.AbstractTransferListenerAdapter - Downloaded https://code.lds.org/nexus/content/groups/main-repo/org/springframework/spring-jdbc/4.2.5.RELEASE/spring-jdbc-4.2.5.RELEASE.jar
2017-09-22 21:09:10,779 [Worker-25] INFO  o.e.m.c.i.e.AbstractTransferListenerAdapter - Downloading https://code.lds.org/nexus/content/groups/main-repo/org/springframework/spring-tx/4.2.5.RELEASE/spring-tx-4.2.5.RELEASE.jar
2017-09-22 21:09:11,262 [Worker-25] INFO  o.e.m.c.i.e.AbstractTransferListenerAdapter - Downloaded https://code.lds.org/nexus/content/groups/main-repo/org/springframework/spring-tx/4.2.5.RELEASE/spring-tx-4.2.5.RELEASE.jar
2017-09-22 21:09:11,408 [Worker-25] INFO  o.e.m.c.i.e.AbstractTransferListenerAdapter - Downloading https://code.lds.org/nexus/content/groups/main-repo/org/springframework/security/spring-security-web/4.0.4.RELEASE/spring-security-web-4.0.4.RELEASE.jar
2017-09-22 21:09:11,973 [Worker-25] INFO  o.e.m.c.i.e.AbstractTransferListenerAdapter - Downloaded https://code.lds.org/nexus/content/groups/main-repo/org/springframework/security/spring-security-web/4.0.4.RELEASE/spring-security-web-4.0.4.RELEASE.jar
2017-09-22 21:09:12,115 [Worker-25] INFO  o.e.m.c.i.e.AbstractTransferListenerAdapter - Downloading https://code.lds.org/nexus/content/groups/main-repo/org/springframework/security/spring-security-core/4.0.4.RELEASE/spring-security-core-4.0.4.RELEASE.jar
2017-09-22 21:09:12,853 [Worker-25] INFO  o.e.m.c.i.e.AbstractTransferListenerAdapter - Downloaded https://code.lds.org/nexus/content/groups/main-repo/org/springframework/security/spring-security-core/4.0.4.RELEASE/spring-security-core-4.0.4.RELEASE.jar
2017-09-22 21:09:12,996 [Worker-25] INFO  o.e.m.c.i.e.AbstractTransferListenerAdapter - Downloading https://code.lds.org/nexus/content/groups/main-repo/org/springframework/security/spring-security-config/4.0.4.RELEASE/spring-security-config-4.0.4.RELEASE.jar
2017-09-22 21:09:13,771 [Worker-25] INFO  o.e.m.c.i.e.AbstractTransferListenerAdapter - Downloaded https://code.lds.org/nexus/content/groups/main-repo/org/springframework/security/spring-security-config/4.0.4.RELEASE/spring-security-config-4.0.4.RELEASE.jar
2017-09-22 21:09:13,918 [Worker-25] INFO  o.e.m.c.i.e.AbstractTransferListenerAdapter - Downloading https://code.lds.org/nexus/content/groups/main-repo/org/springframework/security/spring-security-taglibs/4.0.4.RELEASE/spring-security-taglibs-4.0.4.RELEASE.jar
2017-09-22 21:09:14,131 [Worker-25] INFO  o.e.m.c.i.e.AbstractTransferListenerAdapter - Downloaded https://code.lds.org/nexus/content/groups/main-repo/org/springframework/security/spring-security-taglibs/4.0.4.RELEASE/spring-security-taglibs-4.0.4.RELEASE.jar
2017-09-22 21:09:14,273 [Worker-25] INFO  o.e.m.c.i.e.AbstractTransferListenerAdapter - Downloading https://code.lds.org/nexus/content/groups/main-repo/org/springframework/security/spring-security-acl/4.0.4.RELEASE/spring-security-acl-4.0.4.RELEASE.jar
2017-09-22 21:09:14,510 [Worker-25] INFO  o.e.m.c.i.e.AbstractTransferListenerAdapter - Downloaded https://code.lds.org/nexus/content/groups/main-repo/org/springframework/security/spring-security-acl/4.0.4.RELEASE/spring-security-acl-4.0.4.RELEASE.jar
2017-09-22 21:09:14,653 [Worker-25] INFO  o.e.m.c.i.e.AbstractTransferListenerAdapter - Downloaded https://code.lds.org/nexus/content/groups/main-repo/org/hibernate/hibernate-core/5.2.10.Final/hibernate-core-5.2.10.Final.jar
2017-09-22 21:09:15,058 [Worker-25] INFO  o.e.m.c.i.e.AbstractTransferListenerAdapter - Downloaded https://code.lds.org/nexus/content/groups/main-repo/org/jboss/logging/jboss-logging/3.3.0.Final/jboss-logging-3.3.0.Final.jar
2017-09-22 21:09:15,460 [Worker-25] INFO  o.e.m.c.i.e.AbstractTransferListenerAdapter - Downloaded https://code.lds.org/nexus/content/groups/main-repo/org/hibernate/javax/persistence/hibernate-jpa-2.1-api/1.0.0.Final/hibernate-jpa-2.1-api-1.0.0.Final.jar
2017-09-22 21:09:15,861 [Worker-25] INFO  o.e.m.c.i.e.AbstractTransferListenerAdapter - Downloaded https://code.lds.org/nexus/content/groups/main-repo/org/javassist/javassist/3.20.0-GA/javassist-3.20.0-GA.jar
2017-09-22 21:09:16,263 [Worker-25] INFO  o.e.m.c.i.e.AbstractTransferListenerAdapter - Downloaded https://code.lds.org/nexus/content/groups/main-repo/antlr/antlr/2.7.7/antlr-2.7.7.jar
2017-09-22 21:09:16,668 [Worker-25] INFO  o.e.m.c.i.e.AbstractTransferListenerAdapter - Downloaded https://code.lds.org/nexus/content/groups/main-repo/org/jboss/spec/javax/transaction/jboss-transaction-api_1.2_spec/1.0.1.Final/jboss-transaction-api_1.2_spec-1.0.1.Final.jar
2017-09-22 21:09:17,078 [Worker-25] INFO  o.e.m.c.i.e.AbstractTransferListenerAdapter - Downloaded https://code.lds.org/nexus/content/groups/main-repo/org/jboss/jandex/2.0.3.Final/jandex-2.0.3.Final.jar
2017-09-22 21:09:17,484 [Worker-25] INFO  o.e.m.c.i.e.AbstractTransferListenerAdapter - Downloaded https://code.lds.org/nexus/content/groups/main-repo/com/fasterxml/classmate/1.3.0/classmate-1.3.0.jar
2017-09-22 21:09:17,886 [Worker-25] INFO  o.e.m.c.i.e.AbstractTransferListenerAdapter - Downloaded https://code.lds.org/nexus/content/groups/main-repo/org/hibernate/common/hibernate-commons-annotations/5.0.1.Final/hibernate-commons-annotations-5.0.1.Final.jar
2017-09-22 21:09:18,291 [Worker-25] INFO  o.e.m.c.i.e.AbstractTransferListenerAdapter - Downloaded https://code.lds.org/nexus/content/groups/main-repo/org/hibernate/hibernate-entitymanager/5.2.10.Final/hibernate-entitymanager-5.2.10.Final.jar
2017-09-22 21:09:18,694 [Worker-25] INFO  o.e.m.c.i.e.AbstractTransferListenerAdapter - Downloaded https://code.lds.org/nexus/content/groups/main-repo/net/bytebuddy/byte-buddy/1.6.6/byte-buddy-1.6.6.jar
2017-09-22 21:09:19,093 [Worker-25] INFO  o.e.m.c.i.e.AbstractTransferListenerAdapter - Downloaded https://code.lds.org/nexus/content/groups/main-repo/org/hibernate/hibernate-c3p0/5.2.10.Final/hibernate-c3p0-5.2.10.Final.jar
2017-09-22 21:09:19,490 [Worker-25] INFO  o.e.m.c.i.e.AbstractTransferListenerAdapter - Downloaded https://code.lds.org/nexus/content/groups/main-repo/com/mchange/c3p0/0.9.5.2/c3p0-0.9.5.2.jar
2017-09-22 21:09:19,893 [Worker-25] INFO  o.e.m.c.i.e.AbstractTransferListenerAdapter - Downloaded https://code.lds.org/nexus/content/groups/main-repo/com/mchange/mchange-commons-java/0.2.11/mchange-commons-java-0.2.11.jar
2017-09-22 21:09:20,500 [Worker-25] INFO  o.e.m.c.i.e.AbstractTransferListenerAdapter - Downloaded https://code.lds.org/nexus/content/groups/main-repo/mysql/mysql-connector-java/5.1.6/mysql-connector-java-5.1.6.jar
2017-09-22 21:09:20,904 [Worker-25] INFO  o.e.m.c.i.e.AbstractTransferListenerAdapter - Downloading https://code.lds.org/nexus/content/groups/main-repo/com/oracle/ojdbc6/11.2.0.3/ojdbc6-11.2.0.3.jar
2017-09-22 21:09:25,021 [Worker-25] INFO  o.e.m.c.i.e.AbstractTransferListenerAdapter - Downloaded https://code.lds.org/nexus/content/groups/main-repo/com/oracle/ojdbc6/11.2.0.3/ojdbc6-11.2.0.3.jar
2017-09-22 21:09:25,809 [Worker-25] INFO  o.e.m.c.i.e.AbstractTransferListenerAdapter - Downloaded https://code.lds.org/nexus/content/groups/main-repo/net/sourceforge/jtds/jtds/1.3.1/jtds-1.3.1.jar
2017-09-22 21:09:26,220 [Worker-25] INFO  o.e.m.c.i.e.AbstractTransferListenerAdapter - Downloaded https://code.lds.org/nexus/content/groups/main-repo/postgresql/postgresql/9.1-901-1.jdbc4/postgresql-9.1-901-1.jdbc4.jar
2017-09-22 21:09:26,618 [Worker-25] INFO  o.e.m.c.i.e.AbstractTransferListenerAdapter - Downloaded https://code.lds.org/nexus/content/groups/main-repo/commons-validator/commons-validator/1.5.0/commons-validator-1.5.0.jar
2017-09-22 21:09:27,018 [Worker-25] INFO  o.e.m.c.i.e.AbstractTransferListenerAdapter - Downloaded https://code.lds.org/nexus/content/groups/main-repo/commons-beanutils/commons-beanutils/1.9.2/commons-beanutils-1.9.2.jar
2017-09-22 21:09:27,423 [Worker-25] INFO  o.e.m.c.i.e.AbstractTransferListenerAdapter - Downloaded https://code.lds.org/nexus/content/groups/main-repo/commons-digester/commons-digester/1.8.1/commons-digester-1.8.1.jar
2017-09-22 21:09:27,827 [Worker-25] INFO  o.e.m.c.i.e.AbstractTransferListenerAdapter - Downloaded https://code.lds.org/nexus/content/groups/main-repo/commons-collections/commons-collections/3.2.2/commons-collections-3.2.2.jar
2017-09-22 21:09:28,166 [Worker-25] INFO  o.e.m.c.i.e.AbstractTransferListenerAdapter - Downloading https://repo.maven.apache.org/maven2/javax/servlet/servlet-api/2.5/servlet-api-2.5.jar
2017-09-22 21:09:28,216 [Worker-25] INFO  o.e.m.c.i.e.AbstractTransferListenerAdapter - Downloaded https://repo.maven.apache.org/maven2/javax/servlet/servlet-api/2.5/servlet-api-2.5.jar
2017-09-22 21:09:28,234 [Worker-25] INFO  o.e.m.c.i.e.AbstractTransferListenerAdapter - Downloading https://repo.maven.apache.org/maven2/javax/servlet/javax.servlet-api/3.1.0/javax.servlet-api-3.1.0.jar
2017-09-22 21:09:28,266 [Worker-25] INFO  o.e.m.c.i.e.AbstractTransferListenerAdapter - Downloaded https://repo.maven.apache.org/maven2/javax/servlet/javax.servlet-api/3.1.0/javax.servlet-api-3.1.0.jar
2017-09-22 21:09:28,282 [Worker-25] INFO  o.e.m.c.i.e.AbstractTransferListenerAdapter - Downloading https://repo.maven.apache.org/maven2/javax/servlet/jstl/1.2/jstl-1.2.jar
2017-09-22 21:09:28,376 [Worker-25] INFO  o.e.m.c.i.e.AbstractTransferListenerAdapter - Downloaded https://repo.maven.apache.org/maven2/javax/servlet/jstl/1.2/jstl-1.2.jar
2017-09-22 21:09:28,393 [Worker-25] INFO  o.e.m.c.i.e.AbstractTransferListenerAdapter - Downloading https://repo.maven.apache.org/maven2/javax/servlet/jsp/jsp-api/2.2/jsp-api-2.2.jar
2017-09-22 21:09:28,415 [Worker-25] INFO  o.e.m.c.i.e.AbstractTransferListenerAdapter - Downloaded https://repo.maven.apache.org/maven2/javax/servlet/jsp/jsp-api/2.2/jsp-api-2.2.jar
2017-09-22 21:09:28,435 [Worker-25] INFO  o.e.m.c.i.e.AbstractTransferListenerAdapter - Downloading https://repo.maven.apache.org/maven2/commons-fileupload/commons-fileupload/1.3.1/commons-fileupload-1.3.1.jar
2017-09-22 21:09:28,460 [Worker-25] INFO  o.e.m.c.i.e.AbstractTransferListenerAdapter - Downloaded https://repo.maven.apache.org/maven2/commons-fileupload/commons-fileupload/1.3.1/commons-fileupload-1.3.1.jar
2017-09-22 21:09:28,474 [Worker-25] INFO  o.e.m.c.i.e.AbstractTransferListenerAdapter - Downloading https://repo.maven.apache.org/maven2/commons-io/commons-io/2.2/commons-io-2.2.jar
2017-09-22 21:09:28,526 [Worker-25] INFO  o.e.m.c.i.e.AbstractTransferListenerAdapter - Downloaded https://repo.maven.apache.org/maven2/commons-io/commons-io/2.2/commons-io-2.2.jar
2017-09-22 21:09:28,542 [Worker-25] INFO  o.e.m.c.i.e.AbstractTransferListenerAdapter - Downloading https://repo.maven.apache.org/maven2/commons-logging/commons-logging/1.2/commons-logging-1.2.jar
2017-09-22 21:09:28,563 [Worker-25] INFO  o.e.m.c.i.e.AbstractTransferListenerAdapter - Downloaded https://repo.maven.apache.org/maven2/commons-logging/commons-logging/1.2/commons-logging-1.2.jar
2017-09-22 21:09:28,580 [Worker-25] INFO  o.e.m.c.i.e.AbstractTransferListenerAdapter - Downloading https://repo.maven.apache.org/maven2/org/hibernate/hibernate-core/5.2.10.Final/hibernate-core-5.2.10.Final.jar
2017-09-22 21:09:29,550 [Worker-25] INFO  o.e.m.c.i.e.AbstractTransferListenerAdapter - Downloaded https://repo.maven.apache.org/maven2/org/hibernate/hibernate-core/5.2.10.Final/hibernate-core-5.2.10.Final.jar
2017-09-22 21:09:29,570 [Worker-25] INFO  o.e.m.c.i.e.AbstractTransferListenerAdapter - Downloading https://repo.maven.apache.org/maven2/org/jboss/logging/jboss-logging/3.3.0.Final/jboss-logging-3.3.0.Final.jar
2017-09-22 21:09:29,591 [Worker-25] INFO  o.e.m.c.i.e.AbstractTransferListenerAdapter - Downloaded https://repo.maven.apache.org/maven2/org/jboss/logging/jboss-logging/3.3.0.Final/jboss-logging-3.3.0.Final.jar
2017-09-22 21:09:29,607 [Worker-25] INFO  o.e.m.c.i.e.AbstractTransferListenerAdapter - Downloading https://repo.maven.apache.org/maven2/org/hibernate/javax/persistence/hibernate-jpa-2.1-api/1.0.0.Final/hibernate-jpa-2.1-api-1.0.0.Final.jar
2017-09-22 21:09:29,631 [Worker-25] INFO  o.e.m.c.i.e.AbstractTransferListenerAdapter - Downloaded https://repo.maven.apache.org/maven2/org/hibernate/javax/persistence/hibernate-jpa-2.1-api/1.0.0.Final/hibernate-jpa-2.1-api-1.0.0.Final.jar
2017-09-22 21:09:29,651 [Worker-25] INFO  o.e.m.c.i.e.AbstractTransferListenerAdapter - Downloading https://repo.maven.apache.org/maven2/org/javassist/javassist/3.20.0-GA/javassist-3.20.0-GA.jar
2017-09-22 21:09:29,755 [Worker-25] INFO  o.e.m.c.i.e.AbstractTransferListenerAdapter - Downloaded https://repo.maven.apache.org/maven2/org/javassist/javassist/3.20.0-GA/javassist-3.20.0-GA.jar
2017-09-22 21:09:29,784 [Worker-25] INFO  o.e.m.c.i.e.AbstractTransferListenerAdapter - Downloading https://repo.maven.apache.org/maven2/antlr/antlr/2.7.7/antlr-2.7.7.jar
2017-09-22 21:09:29,853 [Worker-25] INFO  o.e.m.c.i.e.AbstractTransferListenerAdapter - Downloaded https://repo.maven.apache.org/maven2/antlr/antlr/2.7.7/antlr-2.7.7.jar
2017-09-22 21:09:29,870 [Worker-25] INFO  o.e.m.c.i.e.AbstractTransferListenerAdapter - Downloading https://repo.maven.apache.org/maven2/org/jboss/spec/javax/transaction/jboss-transaction-api_1.2_spec/1.0.1.Final/jboss-transaction-api_1.2_spec-1.0.1.Final.jar
2017-09-22 21:09:29,888 [Worker-25] INFO  o.e.m.c.i.e.AbstractTransferListenerAdapter - Downloaded https://repo.maven.apache.org/maven2/org/jboss/spec/javax/transaction/jboss-transaction-api_1.2_spec/1.0.1.Final/jboss-transaction-api_1.2_spec-1.0.1.Final.jar
2017-09-22 21:09:29,907 [Worker-25] INFO  o.e.m.c.i.e.AbstractTransferListenerAdapter - Downloading https://repo.maven.apache.org/maven2/org/jboss/jandex/2.0.3.Final/jandex-2.0.3.Final.jar
2017-09-22 21:09:29,940 [Worker-25] INFO  o.e.m.c.i.e.AbstractTransferListenerAdapter - Downloaded https://repo.maven.apache.org/maven2/org/jboss/jandex/2.0.3.Final/jandex-2.0.3.Final.jar
2017-09-22 21:09:29,959 [Worker-25] INFO  o.e.m.c.i.e.AbstractTransferListenerAdapter - Downloading https://repo.maven.apache.org/maven2/com/fasterxml/classmate/1.3.0/classmate-1.3.0.jar
2017-09-22 21:09:29,981 [Worker-25] INFO  o.e.m.c.i.e.AbstractTransferListenerAdapter - Downloaded https://repo.maven.apache.org/maven2/com/fasterxml/classmate/1.3.0/classmate-1.3.0.jar
2017-09-22 21:09:29,999 [Worker-25] INFO  o.e.m.c.i.e.AbstractTransferListenerAdapter - Downloading https://repo.maven.apache.org/maven2/org/hibernate/common/hibernate-commons-annotations/5.0.1.Final/hibernate-commons-annotations-5.0.1.Final.jar
2017-09-22 21:09:30,024 [Worker-25] INFO  o.e.m.c.i.e.AbstractTransferListenerAdapter - Downloaded https://repo.maven.apache.org/maven2/org/hibernate/common/hibernate-commons-annotations/5.0.1.Final/hibernate-commons-annotations-5.0.1.Final.jar
2017-09-22 21:09:30,045 [Worker-25] INFO  o.e.m.c.i.e.AbstractTransferListenerAdapter - Downloading https://repo.maven.apache.org/maven2/org/hibernate/hibernate-entitymanager/5.2.10.Final/hibernate-entitymanager-5.2.10.Final.jar
2017-09-22 21:09:30,059 [Worker-25] INFO  o.e.m.c.i.e.AbstractTransferListenerAdapter - Downloaded https://repo.maven.apache.org/maven2/org/hibernate/hibernate-entitymanager/5.2.10.Final/hibernate-entitymanager-5.2.10.Final.jar
2017-09-22 21:09:30,077 [Worker-25] INFO  o.e.m.c.i.e.AbstractTransferListenerAdapter - Downloading https://repo.maven.apache.org/maven2/net/bytebuddy/byte-buddy/1.6.6/byte-buddy-1.6.6.jar
2017-09-22 21:09:30,427 [Worker-25] INFO  o.e.m.c.i.e.AbstractTransferListenerAdapter - Downloaded https://repo.maven.apache.org/maven2/net/bytebuddy/byte-buddy/1.6.6/byte-buddy-1.6.6.jar
2017-09-22 21:09:30,448 [Worker-25] INFO  o.e.m.c.i.e.AbstractTransferListenerAdapter - Downloading https://repo.maven.apache.org/maven2/org/hibernate/hibernate-c3p0/5.2.10.Final/hibernate-c3p0-5.2.10.Final.jar
2017-09-22 21:09:30,469 [Worker-25] INFO  o.e.m.c.i.e.AbstractTransferListenerAdapter - Downloaded https://repo.maven.apache.org/maven2/org/hibernate/hibernate-c3p0/5.2.10.Final/hibernate-c3p0-5.2.10.Final.jar
2017-09-22 21:09:30,489 [Worker-25] INFO  o.e.m.c.i.e.AbstractTransferListenerAdapter - Downloading https://repo.maven.apache.org/maven2/com/mchange/c3p0/0.9.5.2/c3p0-0.9.5.2.jar
2017-09-22 21:09:30,556 [Worker-25] INFO  o.e.m.c.i.e.AbstractTransferListenerAdapter - Downloaded https://repo.maven.apache.org/maven2/com/mchange/c3p0/0.9.5.2/c3p0-0.9.5.2.jar
2017-09-22 21:09:30,573 [Worker-25] INFO  o.e.m.c.i.e.AbstractTransferListenerAdapter - Downloading https://repo.maven.apache.org/maven2/com/mchange/mchange-commons-java/0.2.11/mchange-commons-java-0.2.11.jar
2017-09-22 21:09:30,976 [Worker-25] INFO  o.e.m.c.i.e.AbstractTransferListenerAdapter - Downloaded https://repo.maven.apache.org/maven2/com/mchange/mchange-commons-java/0.2.11/mchange-commons-java-0.2.11.jar
2017-09-22 21:09:30,998 [Worker-25] INFO  o.e.m.c.i.e.AbstractTransferListenerAdapter - Downloading https://repo.maven.apache.org/maven2/mysql/mysql-connector-java/5.1.6/mysql-connector-java-5.1.6.jar
2017-09-22 21:09:31,123 [Worker-25] INFO  o.e.m.c.i.e.AbstractTransferListenerAdapter - Downloaded https://repo.maven.apache.org/maven2/mysql/mysql-connector-java/5.1.6/mysql-connector-java-5.1.6.jar
2017-09-22 21:09:31,141 [Worker-25] INFO  o.e.m.c.i.e.AbstractTransferListenerAdapter - Downloading https://repo.maven.apache.org/maven2/net/sourceforge/jtds/jtds/1.3.1/jtds-1.3.1.jar
2017-09-22 21:09:31,195 [Worker-25] INFO  o.e.m.c.i.e.AbstractTransferListenerAdapter - Downloaded https://repo.maven.apache.org/maven2/net/sourceforge/jtds/jtds/1.3.1/jtds-1.3.1.jar
2017-09-22 21:09:31,216 [Worker-25] INFO  o.e.m.c.i.e.AbstractTransferListenerAdapter - Downloading https://repo.maven.apache.org/maven2/postgresql/postgresql/9.1-901-1.jdbc4/postgresql-9.1-901-1.jdbc4.jar
2017-09-22 21:09:31,351 [Worker-25] INFO  o.e.m.c.i.e.AbstractTransferListenerAdapter - Downloaded https://repo.maven.apache.org/maven2/postgresql/postgresql/9.1-901-1.jdbc4/postgresql-9.1-901-1.jdbc4.jar
2017-09-22 21:09:31,373 [Worker-25] INFO  o.e.m.c.i.e.AbstractTransferListenerAdapter - Downloading https://repo.maven.apache.org/maven2/commons-validator/commons-validator/1.5.0/commons-validator-1.5.0.jar
2017-09-22 21:09:31,613 [Worker-25] INFO  o.e.m.c.i.e.AbstractTransferListenerAdapter - Downloaded https://repo.maven.apache.org/maven2/commons-validator/commons-validator/1.5.0/commons-validator-1.5.0.jar
2017-09-22 21:09:31,631 [Worker-25] INFO  o.e.m.c.i.e.AbstractTransferListenerAdapter - Downloading https://repo.maven.apache.org/maven2/commons-beanutils/commons-beanutils/1.9.2/commons-beanutils-1.9.2.jar
2017-09-22 21:09:31,709 [Worker-25] INFO  o.e.m.c.i.e.AbstractTransferListenerAdapter - Downloaded https://repo.maven.apache.org/maven2/commons-beanutils/commons-beanutils/1.9.2/commons-beanutils-1.9.2.jar
2017-09-22 21:09:31,725 [Worker-25] INFO  o.e.m.c.i.e.AbstractTransferListenerAdapter - Downloading https://repo.maven.apache.org/maven2/commons-digester/commons-digester/1.8.1/commons-digester-1.8.1.jar
2017-09-22 21:09:31,777 [Worker-25] INFO  o.e.m.c.i.e.AbstractTransferListenerAdapter - Downloaded https://repo.maven.apache.org/maven2/commons-digester/commons-digester/1.8.1/commons-digester-1.8.1.jar
2017-09-22 21:09:31,794 [Worker-25] INFO  o.e.m.c.i.e.AbstractTransferListenerAdapter - Downloading https://repo.maven.apache.org/maven2/commons-collections/commons-collections/3.2.2/commons-collections-3.2.2.jar
2017-09-22 21:09:31,955 [Worker-25] INFO  o.e.m.c.i.e.AbstractTransferListenerAdapter - Downloaded https://repo.maven.apache.org/maven2/commons-collections/commons-collections/3.2.2/commons-collections-3.2.2.jar
2017-09-22 21:09:32,924 [Worker-25] INFO  o.e.m.c.i.e.AbstractTransferListenerAdapter - Downloading https://repo.maven.apache.org/maven2/org/apache/tomcat/maven/tomcat7-maven-plugin/2.2/tomcat7-maven-plugin-2.2.pom
2017-09-22 21:09:32,942 [Worker-25] INFO  o.e.m.c.i.e.AbstractTransferListenerAdapter - Downloaded https://repo.maven.apache.org/maven2/org/apache/tomcat/maven/tomcat7-maven-plugin/2.2/tomcat7-maven-plugin-2.2.pom
2017-09-22 21:09:32,966 [Worker-25] INFO  o.e.m.c.i.e.AbstractTransferListenerAdapter - Downloading https://repo.maven.apache.org/maven2/org/apache/tomcat/maven/tomcat-maven-plugin/2.2/tomcat-maven-plugin-2.2.pom
2017-09-22 21:09:33,151 [Worker-25] INFO  o.e.m.c.i.e.AbstractTransferListenerAdapter - Downloaded https://repo.maven.apache.org/maven2/org/apache/tomcat/maven/tomcat-maven-plugin/2.2/tomcat-maven-plugin-2.2.pom
2017-09-22 21:09:33,172 [Worker-25] INFO  o.e.m.c.i.e.AbstractTransferListenerAdapter - Downloading https://repo.maven.apache.org/maven2/org/apache/apache/12/apache-12.pom
2017-09-22 21:09:33,444 [Worker-25] INFO  o.e.m.c.i.e.AbstractTransferListenerAdapter - Downloaded https://repo.maven.apache.org/maven2/org/apache/apache/12/apache-12.pom
2017-09-22 21:09:33,538 [Worker-25] INFO  o.e.m.c.i.e.AbstractTransferListenerAdapter - Downloading https://repo.maven.apache.org/maven2/org/apache/tomcat/maven/tomcat7-maven-plugin/2.2/tomcat7-maven-plugin-2.2.jar
2017-09-22 21:09:33,834 [Worker-25] INFO  o.e.m.c.i.e.AbstractTransferListenerAdapter - Downloaded https://repo.maven.apache.org/maven2/org/apache/tomcat/maven/tomcat7-maven-plugin/2.2/tomcat7-maven-plugin-2.2.jar
2017-09-22 21:09:35,222 [Worker-25] WARN  o.e.m.c.i.embedder.EclipseLogger - Using platform encoding (UTF-8 actually) to copy filtered resources, i.e. build is platform dependent!
2017-09-22 21:09:35,263 [Worker-25] INFO  o.e.m.c.i.embedder.EclipseLogger - Copying 0 resource
2017-09-22 21:09:35,265 [Worker-25] WARN  o.e.m.c.i.embedder.EclipseLogger - Using platform encoding (UTF-8 actually) to copy filtered resources, i.e. build is platform dependent!
2017-09-22 21:09:35,266 [Worker-25] INFO  o.e.m.c.i.embedder.EclipseLogger - skip non existing resourceDirectory /Users/Prashanth/Documents/spring/workspace/SpringMVCAnnotationShoppingCart/src/test/resources
2017-09-22 21:09:35,267 [Worker-25] INFO  o.e.m.w.i.f.ResourceFilteringBuildParticipant - Changed resources require a complete clean of filtered resources of SpringMVCAnnotationShoppingCart
2017-09-22 21:09:35,268 [Worker-25] INFO  o.e.m.w.i.f.ResourceFilteringBuildParticipant - Executing resource filtering for SpringMVCAnnotationShoppingCart
2017-09-22 21:09:35,277 [Worker-25] WARN  o.e.m.c.i.embedder.EclipseLogger - Using platform encoding (UTF-8 actually) to copy filtered resources, i.e. build is platform dependent!
2017-09-23 01:05:47,552 [main] INFO  o.e.m2e.actions.ExecutePomAction - Creating new launch configuration
2017-09-23 01:06:06,843 [Worker-48] INFO  o.e.m.i.launch.MavenLaunchDelegate - /Users/Prashanth/Documents/spring/workspace/SpringMVCAnnotationShoppingCart
2017-09-23 01:06:06,844 [Worker-48] INFO  o.e.m.i.launch.MavenLaunchDelegate -  mvn  -B tomcat8:run
2017-09-23 01:15:56,622 [Worker-46] INFO  o.e.m.c.i.l.LifecycleMappingFactory - Using org.maven.ide.eclipse.wtp.WarLifecycleMapping lifecycle mapping for MavenProject: com.codewithshan:SpringMVCAnnotationShoppingCart:1.0.0 @ /Users/Prashanth/Documents/spring/workspace/SpringMVCAnnotationShoppingCart/pom.xml.
2017-09-23 01:15:57,457 [Worker-46] INFO  o.e.m.c.i.e.AbstractTransferListenerAdapter - Downloaded https://code.lds.org/nexus/content/groups/main-repo/com/github/isrsal/spring-mvc-logger/0.2/spring-mvc-logger-0.2.pom
2017-09-23 01:15:57,631 [Worker-46] INFO  o.e.m.c.i.e.AbstractTransferListenerAdapter - Downloading https://repo.maven.apache.org/maven2/com/github/isrsal/spring-mvc-logger/0.2/spring-mvc-logger-0.2.pom
2017-09-23 01:15:57,663 [Worker-46] INFO  o.e.m.c.i.e.AbstractTransferListenerAdapter - Downloaded https://repo.maven.apache.org/maven2/com/github/isrsal/spring-mvc-logger/0.2/spring-mvc-logger-0.2.pom
2017-09-23 01:15:58,273 [Worker-46] INFO  o.e.m.c.i.e.AbstractTransferListenerAdapter - Downloaded https://code.lds.org/nexus/content/groups/main-repo/org/slf4j/slf4j-log4j12/1.7.2/slf4j-log4j12-1.7.2.pom
2017-09-23 01:15:58,289 [Worker-46] INFO  o.e.m.c.i.e.AbstractTransferListenerAdapter - Downloading https://repo.maven.apache.org/maven2/org/slf4j/slf4j-log4j12/1.7.2/slf4j-log4j12-1.7.2.pom
2017-09-23 01:15:58,320 [Worker-46] INFO  o.e.m.c.i.e.AbstractTransferListenerAdapter - Downloaded https://repo.maven.apache.org/maven2/org/slf4j/slf4j-log4j12/1.7.2/slf4j-log4j12-1.7.2.pom
2017-09-23 01:15:58,870 [Worker-46] INFO  o.e.m.c.i.e.AbstractTransferListenerAdapter - Downloaded https://code.lds.org/nexus/content/groups/main-repo/org/slf4j/slf4j-parent/1.7.2/slf4j-parent-1.7.2.pom
2017-09-23 01:15:58,888 [Worker-46] INFO  o.e.m.c.i.e.AbstractTransferListenerAdapter - Downloading https://repo.maven.apache.org/maven2/org/slf4j/slf4j-parent/1.7.2/slf4j-parent-1.7.2.pom
2017-09-23 01:15:58,918 [Worker-46] INFO  o.e.m.c.i.e.AbstractTransferListenerAdapter - Downloaded https://repo.maven.apache.org/maven2/org/slf4j/slf4j-parent/1.7.2/slf4j-parent-1.7.2.pom
2017-09-23 01:15:59,464 [Worker-46] INFO  o.e.m.c.i.e.AbstractTransferListenerAdapter - Downloaded https://code.lds.org/nexus/content/groups/main-repo/org/slf4j/slf4j-api/1.7.2/slf4j-api-1.7.2.pom
2017-09-23 01:15:59,482 [Worker-46] INFO  o.e.m.c.i.e.AbstractTransferListenerAdapter - Downloading https://repo.maven.apache.org/maven2/org/slf4j/slf4j-api/1.7.2/slf4j-api-1.7.2.pom
2017-09-23 01:15:59,501 [Worker-46] INFO  o.e.m.c.i.e.AbstractTransferListenerAdapter - Downloaded https://repo.maven.apache.org/maven2/org/slf4j/slf4j-api/1.7.2/slf4j-api-1.7.2.pom
2017-09-23 01:15:59,946 [Worker-46] INFO  o.e.m.c.i.e.AbstractTransferListenerAdapter - Downloaded https://code.lds.org/nexus/content/groups/main-repo/log4j/log4j/1.2.17/log4j-1.2.17.pom
2017-09-23 01:15:59,964 [Worker-46] INFO  o.e.m.c.i.e.AbstractTransferListenerAdapter - Downloading https://repo.maven.apache.org/maven2/log4j/log4j/1.2.17/log4j-1.2.17.pom
2017-09-23 01:15:59,995 [Worker-46] INFO  o.e.m.c.i.e.AbstractTransferListenerAdapter - Downloaded https://repo.maven.apache.org/maven2/log4j/log4j/1.2.17/log4j-1.2.17.pom
2017-09-23 01:16:01,144 [Worker-46] INFO  o.e.m.c.i.e.AbstractTransferListenerAdapter - Downloaded https://code.lds.org/nexus/content/groups/main-repo/commons-io/commons-io/2.3/commons-io-2.3.pom
2017-09-23 01:16:01,165 [Worker-46] INFO  o.e.m.c.i.e.AbstractTransferListenerAdapter - Downloading https://repo.maven.apache.org/maven2/commons-io/commons-io/2.3/commons-io-2.3.pom
2017-09-23 01:16:01,193 [Worker-46] INFO  o.e.m.c.i.e.AbstractTransferListenerAdapter - Downloaded https://repo.maven.apache.org/maven2/commons-io/commons-io/2.3/commons-io-2.3.pom
2017-09-23 01:16:01,744 [Worker-46] INFO  o.e.m.c.i.e.AbstractTransferListenerAdapter - Downloading https://code.lds.org/nexus/content/groups/main-repo/org/springframework/spring-webmvc/3.0.6.RELEASE/spring-webmvc-3.0.6.RELEASE.pom
2017-09-23 01:16:02,052 [Worker-46] INFO  o.e.m.c.i.e.AbstractTransferListenerAdapter - Downloaded https://code.lds.org/nexus/content/groups/main-repo/org/springframework/spring-webmvc/3.0.6.RELEASE/spring-webmvc-3.0.6.RELEASE.pom
2017-09-23 01:16:02,225 [Worker-46] INFO  o.e.m.c.i.e.AbstractTransferListenerAdapter - Downloading https://code.lds.org/nexus/content/groups/main-repo/org/springframework/spring-parent/3.0.6.RELEASE/spring-parent-3.0.6.RELEASE.pom
2017-09-23 01:16:02,377 [Worker-46] INFO  o.e.m.c.i.e.AbstractTransferListenerAdapter - Downloaded https://code.lds.org/nexus/content/groups/main-repo/org/springframework/spring-parent/3.0.6.RELEASE/spring-parent-3.0.6.RELEASE.pom
2017-09-23 01:16:02,525 [Worker-46] INFO  o.e.m.c.i.e.AbstractTransferListenerAdapter - Downloading https://code.lds.org/nexus/content/groups/main-repo/org/springframework/spring-asm/3.0.6.RELEASE/spring-asm-3.0.6.RELEASE.pom
2017-09-23 01:16:02,704 [Worker-46] INFO  o.e.m.c.i.e.AbstractTransferListenerAdapter - Downloaded https://code.lds.org/nexus/content/groups/main-repo/org/springframework/spring-asm/3.0.6.RELEASE/spring-asm-3.0.6.RELEASE.pom
2017-09-23 01:16:02,858 [Worker-46] INFO  o.e.m.c.i.e.AbstractTransferListenerAdapter - Downloading https://code.lds.org/nexus/content/groups/main-repo/org/springframework/spring-beans/3.0.6.RELEASE/spring-beans-3.0.6.RELEASE.pom
2017-09-23 01:16:03,005 [Worker-46] INFO  o.e.m.c.i.e.AbstractTransferListenerAdapter - Downloaded https://code.lds.org/nexus/content/groups/main-repo/org/springframework/spring-beans/3.0.6.RELEASE/spring-beans-3.0.6.RELEASE.pom
2017-09-23 01:16:03,156 [Worker-46] INFO  o.e.m.c.i.e.AbstractTransferListenerAdapter - Downloading https://code.lds.org/nexus/content/groups/main-repo/org/springframework/spring-core/3.0.6.RELEASE/spring-core-3.0.6.RELEASE.pom
2017-09-23 01:16:03,370 [Worker-46] INFO  o.e.m.c.i.e.AbstractTransferListenerAdapter - Downloaded https://code.lds.org/nexus/content/groups/main-repo/org/springframework/spring-core/3.0.6.RELEASE/spring-core-3.0.6.RELEASE.pom
2017-09-23 01:16:03,540 [Worker-46] INFO  o.e.m.c.i.e.AbstractTransferListenerAdapter - Downloading https://code.lds.org/nexus/content/groups/main-repo/org/springframework/spring-context/3.0.6.RELEASE/spring-context-3.0.6.RELEASE.pom
2017-09-23 01:16:03,687 [Worker-46] INFO  o.e.m.c.i.e.AbstractTransferListenerAdapter - Downloaded https://code.lds.org/nexus/content/groups/main-repo/org/springframework/spring-context/3.0.6.RELEASE/spring-context-3.0.6.RELEASE.pom
2017-09-23 01:16:03,844 [Worker-46] INFO  o.e.m.c.i.e.AbstractTransferListenerAdapter - Downloading https://code.lds.org/nexus/content/groups/main-repo/org/springframework/spring-aop/3.0.6.RELEASE/spring-aop-3.0.6.RELEASE.pom
2017-09-23 01:16:03,990 [Worker-46] INFO  o.e.m.c.i.e.AbstractTransferListenerAdapter - Downloaded https://code.lds.org/nexus/content/groups/main-repo/org/springframework/spring-aop/3.0.6.RELEASE/spring-aop-3.0.6.RELEASE.pom
2017-09-23 01:16:04,159 [Worker-46] INFO  o.e.m.c.i.e.AbstractTransferListenerAdapter - Downloading https://code.lds.org/nexus/content/groups/main-repo/org/springframework/spring-expression/3.0.6.RELEASE/spring-expression-3.0.6.RELEASE.pom
2017-09-23 01:16:04,304 [Worker-46] INFO  o.e.m.c.i.e.AbstractTransferListenerAdapter - Downloaded https://code.lds.org/nexus/content/groups/main-repo/org/springframework/spring-expression/3.0.6.RELEASE/spring-expression-3.0.6.RELEASE.pom
2017-09-23 01:16:04,526 [Worker-46] INFO  o.e.m.c.i.e.AbstractTransferListenerAdapter - Downloading https://code.lds.org/nexus/content/groups/main-repo/org/springframework/spring-context-support/3.0.6.RELEASE/spring-context-support-3.0.6.RELEASE.pom
2017-09-23 01:16:04,746 [Worker-46] INFO  o.e.m.c.i.e.AbstractTransferListenerAdapter - Downloaded https://code.lds.org/nexus/content/groups/main-repo/org/springframework/spring-context-support/3.0.6.RELEASE/spring-context-support-3.0.6.RELEASE.pom
2017-09-23 01:16:04,958 [Worker-46] INFO  o.e.m.c.i.e.AbstractTransferListenerAdapter - Downloading https://code.lds.org/nexus/content/groups/main-repo/org/springframework/spring-web/3.0.6.RELEASE/spring-web-3.0.6.RELEASE.pom
2017-09-23 01:16:05,170 [Worker-46] INFO  o.e.m.c.i.e.AbstractTransferListenerAdapter - Downloaded https://code.lds.org/nexus/content/groups/main-repo/org/springframework/spring-web/3.0.6.RELEASE/spring-web-3.0.6.RELEASE.pom
2017-09-23 01:16:06,878 [Worker-46] INFO  o.e.m.c.i.e.AbstractTransferListenerAdapter - Downloaded https://code.lds.org/nexus/content/groups/main-repo/com/github/isrsal/spring-mvc-logger/0.2/spring-mvc-logger-0.2.jar
2017-09-23 01:16:07,484 [Worker-46] INFO  o.e.m.c.i.e.AbstractTransferListenerAdapter - Downloaded https://code.lds.org/nexus/content/groups/main-repo/org/slf4j/slf4j-log4j12/1.7.2/slf4j-log4j12-1.7.2.jar
2017-09-23 01:16:08,107 [Worker-46] INFO  o.e.m.c.i.e.AbstractTransferListenerAdapter - Downloaded https://code.lds.org/nexus/content/groups/main-repo/org/slf4j/slf4j-api/1.7.2/slf4j-api-1.7.2.jar
2017-09-23 01:16:08,508 [Worker-46] INFO  o.e.m.c.i.e.AbstractTransferListenerAdapter - Downloaded https://code.lds.org/nexus/content/groups/main-repo/log4j/log4j/1.2.17/log4j-1.2.17.jar
2017-09-23 01:16:08,917 [Worker-46] INFO  o.e.m.c.i.e.AbstractTransferListenerAdapter - Downloaded https://code.lds.org/nexus/content/groups/main-repo/commons-io/commons-io/2.3/commons-io-2.3.jar
2017-09-23 01:16:08,956 [Worker-46] INFO  o.e.m.c.i.e.AbstractTransferListenerAdapter - Downloading https://repo.maven.apache.org/maven2/com/github/isrsal/spring-mvc-logger/0.2/spring-mvc-logger-0.2.jar
2017-09-23 01:16:08,992 [Worker-46] INFO  o.e.m.c.i.e.AbstractTransferListenerAdapter - Downloaded https://repo.maven.apache.org/maven2/com/github/isrsal/spring-mvc-logger/0.2/spring-mvc-logger-0.2.jar
2017-09-23 01:16:09,009 [Worker-46] INFO  o.e.m.c.i.e.AbstractTransferListenerAdapter - Downloading https://repo.maven.apache.org/maven2/org/slf4j/slf4j-log4j12/1.7.2/slf4j-log4j12-1.7.2.jar
2017-09-23 01:16:09,043 [Worker-46] INFO  o.e.m.c.i.e.AbstractTransferListenerAdapter - Downloaded https://repo.maven.apache.org/maven2/org/slf4j/slf4j-log4j12/1.7.2/slf4j-log4j12-1.7.2.jar
2017-09-23 01:16:09,059 [Worker-46] INFO  o.e.m.c.i.e.AbstractTransferListenerAdapter - Downloading https://repo.maven.apache.org/maven2/org/slf4j/slf4j-api/1.7.2/slf4j-api-1.7.2.jar
2017-09-23 01:16:09,083 [Worker-46] INFO  o.e.m.c.i.e.AbstractTransferListenerAdapter - Downloaded https://repo.maven.apache.org/maven2/org/slf4j/slf4j-api/1.7.2/slf4j-api-1.7.2.jar
2017-09-23 01:16:09,098 [Worker-46] INFO  o.e.m.c.i.e.AbstractTransferListenerAdapter - Downloading https://repo.maven.apache.org/maven2/log4j/log4j/1.2.17/log4j-1.2.17.jar
2017-09-23 01:16:09,180 [Worker-46] INFO  o.e.m.c.i.e.AbstractTransferListenerAdapter - Downloaded https://repo.maven.apache.org/maven2/log4j/log4j/1.2.17/log4j-1.2.17.jar
2017-09-23 01:16:09,202 [Worker-46] INFO  o.e.m.c.i.e.AbstractTransferListenerAdapter - Downloading https://repo.maven.apache.org/maven2/commons-io/commons-io/2.3/commons-io-2.3.jar
2017-09-23 01:16:09,233 [Worker-46] INFO  o.e.m.c.i.e.AbstractTransferListenerAdapter - Downloaded https://repo.maven.apache.org/maven2/commons-io/commons-io/2.3/commons-io-2.3.jar
2017-09-23 01:16:11,131 [Worker-46] WARN  o.e.m.c.i.embedder.EclipseLogger - Using platform encoding (UTF-8 actually) to copy filtered resources, i.e. build is platform dependent!
2017-09-23 01:16:11,174 [Worker-46] INFO  o.e.m.c.i.embedder.EclipseLogger - Copying 2 resources
2017-09-23 01:16:11,252 [Worker-46] WARN  o.e.m.c.i.embedder.EclipseLogger - Using platform encoding (UTF-8 actually) to copy filtered resources, i.e. build is platform dependent!
2017-09-23 01:16:11,252 [Worker-46] INFO  o.e.m.c.i.embedder.EclipseLogger - skip non existing resourceDirectory /Users/Prashanth/Documents/spring/workspace/SpringMVCAnnotationShoppingCart/src/test/resources
2017-09-23 01:16:11,253 [Worker-46] INFO  o.e.m.w.i.f.ResourceFilteringBuildParticipant - Changed resources require a complete clean of filtered resources of SpringMVCAnnotationShoppingCart
2017-09-23 01:16:11,253 [Worker-46] INFO  o.e.m.w.i.f.ResourceFilteringBuildParticipant - Executing resource filtering for SpringMVCAnnotationShoppingCart
2017-09-23 01:16:11,258 [Worker-46] WARN  o.e.m.c.i.embedder.EclipseLogger - Using platform encoding (UTF-8 actually) to copy filtered resources, i.e. build is platform dependent!
2017-09-23 01:18:01,056 [Worker-54] INFO  o.e.m.c.i.l.LifecycleMappingFactory - Using org.maven.ide.eclipse.wtp.WarLifecycleMapping lifecycle mapping for MavenProject: com.codewithshan:SpringMVCAnnotationShoppingCart:1.0.0 @ /Users/Prashanth/Documents/spring/workspace/SpringMVCAnnotationShoppingCart/pom.xml.
2017-09-23 01:18:02,305 [Worker-54] INFO  o.e.m.w.i.f.ResourceFilteringBuildParticipant - Cleaning filtered folder for SpringMVCAnnotationShoppingCart
2017-09-23 01:18:04,046 [Worker-58] WARN  o.e.m.c.i.embedder.EclipseLogger - Using platform encoding (UTF-8 actually) to copy filtered resources, i.e. build is platform dependent!
2017-09-23 01:18:04,050 [Worker-58] INFO  o.e.m.c.i.embedder.EclipseLogger - Copying 2 resources
2017-09-23 01:18:04,070 [Worker-58] WARN  o.e.m.c.i.embedder.EclipseLogger - Using platform encoding (UTF-8 actually) to copy filtered resources, i.e. build is platform dependent!
2017-09-23 01:18:04,085 [Worker-58] INFO  o.e.m.c.i.embedder.EclipseLogger - skip non existing resourceDirectory /Users/Prashanth/Documents/spring/workspace/SpringMVCAnnotationShoppingCart/src/test/resources
2017-09-23 01:18:04,086 [Worker-58] INFO  o.e.m.w.i.f.ResourceFilteringBuildParticipant - Changed resources require a complete clean of filtered resources of SpringMVCAnnotationShoppingCart
2017-09-23 01:18:04,086 [Worker-58] INFO  o.e.m.w.i.f.ResourceFilteringBuildParticipant - Executing resource filtering for SpringMVCAnnotationShoppingCart
2017-09-23 01:18:04,091 [Worker-58] WARN  o.e.m.c.i.embedder.EclipseLogger - Using platform encoding (UTF-8 actually) to copy filtered resources, i.e. build is platform dependent!
